This file contains any messages produced by compilers while
running configure, to aid debugging if configure makes a mistake.

It was created by SHTns configure 3.5.2, which was
generated by GNU Autoconf 2.71.  Invocation command line was

  $ ./configure --enable-openmp --enable-magic-layout --prefix=/home/delangen/local --enable-ishioka --enable-mkl

## --------- ##
## Platform. ##
## --------- ##

hostname = helios1
uname -m = x86_64
uname -r = 4.12.14-95.24-default
uname -s = Linux
uname -v = #1 SMP Thu Jul 11 13:05:06 UTC 2019 (7b265b8)

/usr/bin/uname -p = x86_64
/bin/uname -X     = unknown

/bin/arch              = x86_64
/usr/bin/arch -k       = unknown
/usr/convex/getsysinfo = unknown
/usr/bin/hostinfo      = unknown
/bin/machine           = unknown
/usr/bin/oslevel       = unknown
/bin/universe          = unknown

PATH: /opt/local/mpi/openmpi/openmpi-2.1.2_intel-2019.4/bin/
PATH: /opt/local/anaconda/anaconda3-5.0.1/bin/
PATH: /opt/local/intel/ps_xe-2019.4/debugger_2019/gdb/intel64/bin/
PATH: /opt/local/intel/ps_xe-2019.4/vtune_amplifier_2019.4.0.597835/bin64/
PATH: /opt/local/intel/ps_xe-2019.4/inspector_2019.4.0.597413/bin64/
PATH: /opt/local/intel/ps_xe-2019.4/advisor_2019.4.0.597843/bin64/
PATH: /opt/local/intel/ps_xe-2019.4/compilers_and_libraries_2019.4.243/linux/bin/intel64/
PATH: /opt/local/bin/
PATH: /usr/local/bin/
PATH: /usr/bin/
PATH: /bin/
PATH: /usr/games/
PATH: /home/delangen/magic/bin/
PATH: /home/delangen/magic/src/


## ----------- ##
## Core tests. ##
## ----------- ##

configure:2612: checking for gcc
configure:2644: result: icc
configure:2997: checking for C compiler version
configure:3006: icc --version >&5
icc (ICC) 19.0.4.243 20190416
Copyright (C) 1985-2019 Intel Corporation.  All rights reserved.

configure:3017: $? = 0
configure:3006: icc -v >&5
icc version 19.0.4.243 (gcc version 4.8.0 compatibility)
configure:3017: $? = 0
configure:3006: icc -V >&5
Intel(R) C Intel(R) 64 Compiler for applications running on Intel(R) 64, Version 19.0.4.243 Build 20190416
Copyright (C) 1985-2019 Intel Corporation.  All rights reserved.

configure:3017: $? = 0
configure:3006: icc -qversion >&5
icc: command line warning #10006: ignoring unknown option '-qversion'
icc: command line error: no files specified; for help type "icc -help"
configure:3017: $? = 1
configure:3006: icc -version >&5
icc: command line warning #10006: ignoring unknown option '-version'
icc: command line error: no files specified; for help type "icc -help"
configure:3017: $? = 1
configure:3037: checking whether the C compiler works
configure:3059: icc -O2 -I/home/delangen/local/include -L/home/delangen/local/lib   conftest.c  >&5
configure:3063: $? = 0
configure:3113: result: yes
configure:3116: checking for C compiler default output file name
configure:3118: result: a.out
configure:3124: checking for suffix of executables
configure:3131: icc -o conftest -O2 -I/home/delangen/local/include -L/home/delangen/local/lib   conftest.c  >&5
configure:3135: $? = 0
configure:3158: result: 
configure:3180: checking whether we are cross compiling
configure:3188: icc -o conftest -O2 -I/home/delangen/local/include -L/home/delangen/local/lib   conftest.c  >&5
configure:3192: $? = 0
configure:3199: ./conftest
configure:3203: $? = 0
configure:3218: result: no
configure:3223: checking for suffix of object files
configure:3246: icc -c -O2 -I/home/delangen/local/include -L/home/delangen/local/lib  conftest.c >&5
configure:3250: $? = 0
configure:3272: result: o
configure:3276: checking whether the compiler supports GNU C
configure:3296: icc -c -O2 -I/home/delangen/local/include -L/home/delangen/local/lib  conftest.c >&5
configure:3296: $? = 0
configure:3306: result: yes
configure:3317: checking whether icc accepts -g
configure:3338: icc -c -g  conftest.c >&5
configure:3338: $? = 0
configure:3382: result: yes
configure:3402: checking for icc option to enable C11 features
configure:3417: icc  -c -O2 -I/home/delangen/local/include -L/home/delangen/local/lib  conftest.c >&5
conftest.c(61): error: #error directive: "Compiler does not advertise C99 conformance"
  # error "Compiler does not advertise C99 conformance"
    ^

conftest.c(116): error: expected a ")"
  test_restrict (ccp restrict text)
                              ^

conftest.c(121): error: expected an expression
    for (unsigned int i = 0; *(text+i) != '\0'; ++i)
         ^

conftest.c(121): error: identifier "text" is undefined
    for (unsigned int i = 0; *(text+i) != '\0'; ++i)
                               ^

conftest.c(121): error: identifier "i" is undefined
    for (unsigned int i = 0; *(text+i) != '\0'; ++i)
                                    ^

conftest.c(165): error: #error directive: "Compiler does not advertise C11 conformance"
  # error "Compiler does not advertise C11 conformance"
    ^

conftest.c(197): error: identifier "syntax" is undefined
  char const utf8_literal[] = u8"happens to be ASCII" "another string";
                              ^

conftest.c(197): error: expected a ";"
  char const utf8_literal[] = u8"happens to be ASCII" "another string";
                              ^

conftest.c(230): error: expected a ";"
    char *restrict newvar = "Another string";
                   ^

conftest.c(240): error: expected an expression
    for (int i = 0; i < ia->datasize; ++i)
         ^

conftest.c(240): error: identifier "i" is undefined
    for (int i = 0; i < ia->datasize; ++i)
                    ^

conftest.c(257): error: identifier "newvar" is undefined
    ok |= (!success || bignum == 0LL || ubignum == 0uLL || newvar[0] == 'x'
                                                           ^

compilation aborted for conftest.c (code 2)
configure:3417: $? = 2
configure: failed program was:
| /* confdefs.h */
| #define PACKAGE_NAME "SHTns"
| #define PACKAGE_TARNAME "shtns"
| #define PACKAGE_VERSION "3.5.2"
| #define PACKAGE_STRING "SHTns 3.5.2"
| #define PACKAGE_BUGREPORT ""
| #define PACKAGE_URL "https://bitbucket.org/nschaeff/shtns"
| /* end confdefs.h.  */
| 
| /* Does the compiler advertise C89 conformance?
|    Do not test the value of __STDC__, because some compilers set it to 0
|    while being otherwise adequately conformant. */
| #if !defined __STDC__
| # error "Compiler does not advertise C89 conformance"
| #endif
| 
| #include <stddef.h>
| #include <stdarg.h>
| struct stat;
| /* Most of the following tests are stolen from RCS 5.7 src/conf.sh.  */
| struct buf { int x; };
| struct buf * (*rcsopen) (struct buf *, struct stat *, int);
| static char *e (p, i)
|      char **p;
|      int i;
| {
|   return p[i];
| }
| static char *f (char * (*g) (char **, int), char **p, ...)
| {
|   char *s;
|   va_list v;
|   va_start (v,p);
|   s = g (p, va_arg (v,int));
|   va_end (v);
|   return s;
| }
| 
| /* OSF 4.0 Compaq cc is some sort of almost-ANSI by default.  It has
|    function prototypes and stuff, but not \xHH hex character constants.
|    These do not provoke an error unfortunately, instead are silently treated
|    as an "x".  The following induces an error, until -std is added to get
|    proper ANSI mode.  Curiously \x00 != x always comes out true, for an
|    array size at least.  It is necessary to write \x00 == 0 to get something
|    that is true only with -std.  */
| int osf4_cc_array ['\x00' == 0 ? 1 : -1];
| 
| /* IBM C 6 for AIX is almost-ANSI by default, but it replaces macro parameters
|    inside strings and character constants.  */
| #define FOO(x) 'x'
| int xlc6_cc_array[FOO(a) == 'x' ? 1 : -1];
| 
| int test (int i, double x);
| struct s1 {int (*f) (int a);};
| struct s2 {int (*f) (double a);};
| int pairnames (int, char **, int *(*)(struct buf *, struct stat *, int),
|                int, int);
| 
| // Does the compiler advertise C99 conformance?
| #if !defined __STDC_VERSION__ || __STDC_VERSION__ < 199901L
| # error "Compiler does not advertise C99 conformance"
| #endif
| 
| #include <stdbool.h>
| extern int puts (const char *);
| extern int printf (const char *, ...);
| extern int dprintf (int, const char *, ...);
| extern void *malloc (size_t);
| 
| // Check varargs macros.  These examples are taken from C99 6.10.3.5.
| // dprintf is used instead of fprintf to avoid needing to declare
| // FILE and stderr.
| #define debug(...) dprintf (2, __VA_ARGS__)
| #define showlist(...) puts (#__VA_ARGS__)
| #define report(test,...) ((test) ? puts (#test) : printf (__VA_ARGS__))
| static void
| test_varargs_macros (void)
| {
|   int x = 1234;
|   int y = 5678;
|   debug ("Flag");
|   debug ("X = %d\n", x);
|   showlist (The first, second, and third items.);
|   report (x>y, "x is %d but y is %d", x, y);
| }
| 
| // Check long long types.
| #define BIG64 18446744073709551615ull
| #define BIG32 4294967295ul
| #define BIG_OK (BIG64 / BIG32 == 4294967297ull && BIG64 % BIG32 == 0)
| #if !BIG_OK
|   #error "your preprocessor is broken"
| #endif
| #if BIG_OK
| #else
|   #error "your preprocessor is broken"
| #endif
| static long long int bignum = -9223372036854775807LL;
| static unsigned long long int ubignum = BIG64;
| 
| struct incomplete_array
| {
|   int datasize;
|   double data[];
| };
| 
| struct named_init {
|   int number;
|   const wchar_t *name;
|   double average;
| };
| 
| typedef const char *ccp;
| 
| static inline int
| test_restrict (ccp restrict text)
| {
|   // See if C++-style comments work.
|   // Iterate through items via the restricted pointer.
|   // Also check for declarations in for loops.
|   for (unsigned int i = 0; *(text+i) != '\0'; ++i)
|     continue;
|   return 0;
| }
| 
| // Check varargs and va_copy.
| static bool
| test_varargs (const char *format, ...)
| {
|   va_list args;
|   va_start (args, format);
|   va_list args_copy;
|   va_copy (args_copy, args);
| 
|   const char *str = "";
|   int number = 0;
|   float fnumber = 0;
| 
|   while (*format)
|     {
|       switch (*format++)
| 	{
| 	case 's': // string
| 	  str = va_arg (args_copy, const char *);
| 	  break;
| 	case 'd': // int
| 	  number = va_arg (args_copy, int);
| 	  break;
| 	case 'f': // float
| 	  fnumber = va_arg (args_copy, double);
| 	  break;
| 	default:
| 	  break;
| 	}
|     }
|   va_end (args_copy);
|   va_end (args);
| 
|   return *str && number && fnumber;
| }
| 
| 
| // Does the compiler advertise C11 conformance?
| #if !defined __STDC_VERSION__ || __STDC_VERSION__ < 201112L
| # error "Compiler does not advertise C11 conformance"
| #endif
| 
| // Check _Alignas.
| char _Alignas (double) aligned_as_double;
| char _Alignas (0) no_special_alignment;
| extern char aligned_as_int;
| char _Alignas (0) _Alignas (int) aligned_as_int;
| 
| // Check _Alignof.
| enum
| {
|   int_alignment = _Alignof (int),
|   int_array_alignment = _Alignof (int[100]),
|   char_alignment = _Alignof (char)
| };
| _Static_assert (0 < -_Alignof (int), "_Alignof is signed");
| 
| // Check _Noreturn.
| int _Noreturn does_not_return (void) { for (;;) continue; }
| 
| // Check _Static_assert.
| struct test_static_assert
| {
|   int x;
|   _Static_assert (sizeof (int) <= sizeof (long int),
|                   "_Static_assert does not work in struct");
|   long int y;
| };
| 
| // Check UTF-8 literals.
| #define u8 syntax error!
| char const utf8_literal[] = u8"happens to be ASCII" "another string";
| 
| // Check duplicate typedefs.
| typedef long *long_ptr;
| typedef long int *long_ptr;
| typedef long_ptr long_ptr;
| 
| // Anonymous structures and unions -- taken from C11 6.7.2.1 Example 1.
| struct anonymous
| {
|   union {
|     struct { int i; int j; };
|     struct { int k; long int l; } w;
|   };
|   int m;
| } v1;
| 
| 
| int
| main (int argc, char **argv)
| {
|   int ok = 0;
|   
| ok |= (argc == 0 || f (e, argv, 0) != argv[0] || f (e, argv, 1) != argv[1]);
| 
|   
|   // Check bool.
|   _Bool success = false;
|   success |= (argc != 0);
| 
|   // Check restrict.
|   if (test_restrict ("String literal") == 0)
|     success = true;
|   char *restrict newvar = "Another string";
| 
|   // Check varargs.
|   success &= test_varargs ("s, d' f .", "string", 65, 34.234);
|   test_varargs_macros ();
| 
|   // Check flexible array members.
|   struct incomplete_array *ia =
|     malloc (sizeof (struct incomplete_array) + (sizeof (double) * 10));
|   ia->datasize = 10;
|   for (int i = 0; i < ia->datasize; ++i)
|     ia->data[i] = i * 1.234;
| 
|   // Check named initializers.
|   struct named_init ni = {
|     .number = 34,
|     .name = L"Test wide string",
|     .average = 543.34343,
|   };
| 
|   ni.number = 58;
| 
|   int dynamic_array[ni.number];
|   dynamic_array[0] = argv[0][0];
|   dynamic_array[ni.number - 1] = 543;
| 
|   // work around unused variable warnings
|   ok |= (!success || bignum == 0LL || ubignum == 0uLL || newvar[0] == 'x'
| 	 || dynamic_array[ni.number - 1] != 543);
| 
|   
|   _Static_assert ((offsetof (struct anonymous, i)
| 		   == offsetof (struct anonymous, w.k)),
| 		  "Anonymous union alignment botch");
|   v1.i = 2;
|   v1.w.k = 5;
|   ok |= v1.i != 5;
| 
|   return ok;
| }
| 
configure:3417: icc -std=gnu11 -c -O2 -I/home/delangen/local/include -L/home/delangen/local/lib  conftest.c >&5
configure:3417: $? = 0
configure:3438: result: -std=gnu11
configure:3545: checking for a sed that does not truncate output
configure:3615: result: /usr/bin/sed
configure:3643: checking whether gcc accepts -march=native
configure:3658: gcc -c -O2 -I/home/delangen/local/include -L/home/delangen/local/lib -march=native  conftest.c >&5
configure:3658: $? = 0
configure:3661: result: yes
configure:3674: checking whether gcc accepts -mtune=skylake
configure:3689: gcc -c -O2 -I/home/delangen/local/include -L/home/delangen/local/lib -march=native -mtune=skylake  conftest.c >&5
conftest.c:1:0: error: bad value (skylake) for -mtune= switch
 /* confdefs.h */
 ^
configure:3689: $? = 1
configure: failed program was:
| /* confdefs.h */
| #define PACKAGE_NAME "SHTns"
| #define PACKAGE_TARNAME "shtns"
| #define PACKAGE_VERSION "3.5.2"
| #define PACKAGE_STRING "SHTns 3.5.2"
| #define PACKAGE_BUGREPORT ""
| #define PACKAGE_URL "https://bitbucket.org/nschaeff/shtns"
| /* end confdefs.h.  */
| 
| int
| main (void)
| {
| 
|   ;
|   return 0;
| }
configure:3697: result: no
configure:3705: checking whether gcc accepts -qopt-zmm-usage=high
configure:3720: gcc -c -O2 -I/home/delangen/local/include -L/home/delangen/local/lib -march=native -qopt-zmm-usage=high  conftest.c >&5
gcc: error: unrecognized command line option '-qopt-zmm-usage=high'
configure:3720: $? = 1
configure: failed program was:
| /* confdefs.h */
| #define PACKAGE_NAME "SHTns"
| #define PACKAGE_TARNAME "shtns"
| #define PACKAGE_VERSION "3.5.2"
| #define PACKAGE_STRING "SHTns 3.5.2"
| #define PACKAGE_BUGREPORT ""
| #define PACKAGE_URL "https://bitbucket.org/nschaeff/shtns"
| /* end confdefs.h.  */
| 
| int
| main (void)
| {
| 
|   ;
|   return 0;
| }
configure:3728: result: no
configure:3804: checking whether gcc accepts -ffast-math
configure:3819: gcc -c -O2 -I/home/delangen/local/include -L/home/delangen/local/lib -march=native -O3 -ffast-math  conftest.c >&5
configure:3819: $? = 0
configure:3822: result: yes
configure:3834: checking whether gcc accepts -std=gnu99
configure:3849: gcc -c -O2 -I/home/delangen/local/include -L/home/delangen/local/lib -march=native -O3 -ffast-math -std=gnu99  conftest.c >&5
configure:3849: $? = 0
configure:3852: result: yes
configure:3864: checking whether gcc accepts -fopenmp-simd
configure:3879: gcc -c -O2 -I/home/delangen/local/include -L/home/delangen/local/lib -march=native -O3 -ffast-math -std=gnu99 -fopenmp-simd  conftest.c >&5
gcc: error: unrecognized command line option '-fopenmp-simd'
configure:3879: $? = 1
configure: failed program was:
| /* confdefs.h */
| #define PACKAGE_NAME "SHTns"
| #define PACKAGE_TARNAME "shtns"
| #define PACKAGE_VERSION "3.5.2"
| #define PACKAGE_STRING "SHTns 3.5.2"
| #define PACKAGE_BUGREPORT ""
| #define PACKAGE_URL "https://bitbucket.org/nschaeff/shtns"
| /* end confdefs.h.  */
| 
| int
| main (void)
| {
| 
|   ;
|   return 0;
| }
configure:3887: result: no
configure:3894: checking whether gcc accepts -qopenmp-simd
configure:3909: gcc -c -O2 -I/home/delangen/local/include -L/home/delangen/local/lib -march=native -O3 -ffast-math -std=gnu99 -qopenmp-simd  conftest.c >&5
gcc: error: unrecognized command line option '-qopenmp-simd'
configure:3909: $? = 1
configure: failed program was:
| /* confdefs.h */
| #define PACKAGE_NAME "SHTns"
| #define PACKAGE_TARNAME "shtns"
| #define PACKAGE_VERSION "3.5.2"
| #define PACKAGE_STRING "SHTns 3.5.2"
| #define PACKAGE_BUGREPORT ""
| #define PACKAGE_URL "https://bitbucket.org/nschaeff/shtns"
| /* end confdefs.h.  */
| 
| int
| main (void)
| {
| 
|   ;
|   return 0;
| }
configure:3917: result: no
configure:3925: checking whether gcc accepts -fno-tree-loop-distribute-patterns
configure:3940: gcc -c -O2 -I/home/delangen/local/include -L/home/delangen/local/lib -march=native -O3 -ffast-math -std=gnu99 -fno-tree-loop-distribute-patterns  conftest.c >&5
configure:3940: $? = 0
configure:3943: result: yes
configure:3956: checking whether gcc accepts -mno-vzeroupper
configure:3971: gcc -c -O2 -I/home/delangen/local/include -L/home/delangen/local/lib -march=native -O3 -ffast-math -std=gnu99 -fno-tree-loop-distribute-patterns -mno-vzeroupper  conftest.c >&5
configure:3971: $? = 0
configure:3974: result: yes
configure:4039: checking whether icc -std=gnu11 accepts -march=native
configure:4054: icc -std=gnu11 -c -O2 -I/home/delangen/local/include -L/home/delangen/local/lib -march=native  conftest.c >&5
configure:4054: $? = 0
configure:4057: result: yes
configure:4070: checking whether icc -std=gnu11 accepts -mtune=skylake
configure:4085: icc -std=gnu11 -c -O2 -I/home/delangen/local/include -L/home/delangen/local/lib -march=native -mtune=skylake  conftest.c >&5
configure:4085: $? = 0
configure:4088: result: yes
configure:4101: checking whether icc -std=gnu11 accepts -qopt-zmm-usage=high
configure:4116: icc -std=gnu11 -c -O2 -I/home/delangen/local/include -L/home/delangen/local/lib -march=native -mtune=skylake -qopt-zmm-usage=high  conftest.c >&5
configure:4116: $? = 0
configure:4119: result: yes
configure:4209: checking whether icc -std=gnu11 accepts -ffast-math
configure:4224: icc -std=gnu11 -c -O2 -I/home/delangen/local/include -L/home/delangen/local/lib -march=native -mtune=skylake -qopt-zmm-usage=high -ffast-math  conftest.c >&5
configure:4224: $? = 0
configure:4227: result: yes
configure:4239: checking whether icc -std=gnu11 accepts -std=gnu99
configure:4254: icc -std=gnu11 -c -O2 -I/home/delangen/local/include -L/home/delangen/local/lib -march=native -mtune=skylake -qopt-zmm-usage=high -ffast-math -std=gnu99  conftest.c >&5
configure:4254: $? = 0
configure:4257: result: yes
configure:4274: checking for stdio.h
configure:4274: icc -std=gnu11 -c -O2 -I/home/delangen/local/include -L/home/delangen/local/lib -march=native -mtune=skylake -qopt-zmm-usage=high -ffast-math -std=gnu99  conftest.c >&5
configure:4274: $? = 0
configure:4274: result: yes
configure:4274: checking for stdlib.h
configure:4274: icc -std=gnu11 -c -O2 -I/home/delangen/local/include -L/home/delangen/local/lib -march=native -mtune=skylake -qopt-zmm-usage=high -ffast-math -std=gnu99  conftest.c >&5
configure:4274: $? = 0
configure:4274: result: yes
configure:4274: checking for string.h
configure:4274: icc -std=gnu11 -c -O2 -I/home/delangen/local/include -L/home/delangen/local/lib -march=native -mtune=skylake -qopt-zmm-usage=high -ffast-math -std=gnu99  conftest.c >&5
configure:4274: $? = 0
configure:4274: result: yes
configure:4274: checking for inttypes.h
configure:4274: icc -std=gnu11 -c -O2 -I/home/delangen/local/include -L/home/delangen/local/lib -march=native -mtune=skylake -qopt-zmm-usage=high -ffast-math -std=gnu99  conftest.c >&5
configure:4274: $? = 0
configure:4274: result: yes
configure:4274: checking for stdint.h
configure:4274: icc -std=gnu11 -c -O2 -I/home/delangen/local/include -L/home/delangen/local/lib -march=native -mtune=skylake -qopt-zmm-usage=high -ffast-math -std=gnu99  conftest.c >&5
configure:4274: $? = 0
configure:4274: result: yes
configure:4274: checking for strings.h
configure:4274: icc -std=gnu11 -c -O2 -I/home/delangen/local/include -L/home/delangen/local/lib -march=native -mtune=skylake -qopt-zmm-usage=high -ffast-math -std=gnu99  conftest.c >&5
configure:4274: $? = 0
configure:4274: result: yes
configure:4274: checking for sys/stat.h
configure:4274: icc -std=gnu11 -c -O2 -I/home/delangen/local/include -L/home/delangen/local/lib -march=native -mtune=skylake -qopt-zmm-usage=high -ffast-math -std=gnu99  conftest.c >&5
configure:4274: $? = 0
configure:4274: result: yes
configure:4274: checking for sys/types.h
configure:4274: icc -std=gnu11 -c -O2 -I/home/delangen/local/include -L/home/delangen/local/lib -march=native -mtune=skylake -qopt-zmm-usage=high -ffast-math -std=gnu99  conftest.c >&5
configure:4274: $? = 0
configure:4274: result: yes
configure:4274: checking for unistd.h
configure:4274: icc -std=gnu11 -c -O2 -I/home/delangen/local/include -L/home/delangen/local/lib -march=native -mtune=skylake -qopt-zmm-usage=high -ffast-math -std=gnu99  conftest.c >&5
configure:4274: $? = 0
configure:4274: result: yes
configure:4299: checking for stdlib.h
configure:4299: result: yes
configure:4305: checking for stdio.h
configure:4305: result: yes
configure:4311: checking for string.h
configure:4311: result: yes
configure:4317: checking for math.h
configure:4317: icc -std=gnu11 -c -O2 -I/home/delangen/local/include -L/home/delangen/local/lib -march=native -mtune=skylake -qopt-zmm-usage=high -ffast-math -std=gnu99  conftest.c >&5
configure:4317: $? = 0
configure:4317: result: yes
configure:4323: checking for complex.h
configure:4323: icc -std=gnu11 -c -O2 -I/home/delangen/local/include -L/home/delangen/local/lib -march=native -mtune=skylake -qopt-zmm-usage=high -ffast-math -std=gnu99  conftest.c >&5
configure:4323: $? = 0
configure:4323: result: yes
configure:4332: checking for cos in -lm
configure:4355: icc -std=gnu11 -o conftest -O2 -I/home/delangen/local/include -L/home/delangen/local/lib -march=native -mtune=skylake -qopt-zmm-usage=high -ffast-math -std=gnu99   conftest.c -lm   >&5
configure:4355: $? = 0
configure:4365: result: yes
configure:4416: checking for icc -std=gnu11 option to support OpenMP
configure:4438: icc -std=gnu11 -c -O2 -I/home/delangen/local/include -L/home/delangen/local/lib -march=native -mtune=skylake -qopt-zmm-usage=high -ffast-math -std=gnu99   conftest.c >&5
conftest.c(28): error: #error directive: "OpenMP not supported"
  #error "OpenMP not supported"
   ^

compilation aborted for conftest.c (code 2)
configure:4438: $? = 2
configure: failed program was:
| /* confdefs.h */
| #define PACKAGE_NAME "SHTns"
| #define PACKAGE_TARNAME "shtns"
| #define PACKAGE_VERSION "3.5.2"
| #define PACKAGE_STRING "SHTns 3.5.2"
| #define PACKAGE_BUGREPORT ""
| #define PACKAGE_URL "https://bitbucket.org/nschaeff/shtns"
| #define HAVE_STDIO_H 1
| #define HAVE_STDLIB_H 1
| #define HAVE_STRING_H 1
| #define HAVE_INTTYPES_H 1
| #define HAVE_STDINT_H 1
| #define HAVE_STRINGS_H 1
| #define HAVE_SYS_STAT_H 1
| #define HAVE_SYS_TYPES_H 1
| #define HAVE_UNISTD_H 1
| #define STDC_HEADERS 1
| #define HAVE_STDLIB_H 1
| #define HAVE_STDIO_H 1
| #define HAVE_STRING_H 1
| #define HAVE_MATH_H 1
| #define HAVE_COMPLEX_H 1
| #define HAVE_LIBM 1
| #define SHTNS4MAGIC 1
| /* end confdefs.h.  */
| 
| #ifndef _OPENMP
| #error "OpenMP not supported"
| #endif
| #include <omp.h>
| int main (void) { return omp_get_num_threads (); }
| 
configure:4438: icc -std=gnu11 -c -O2 -I/home/delangen/local/include -L/home/delangen/local/lib -march=native -mtune=skylake -qopt-zmm-usage=high -ffast-math -std=gnu99 -fopenmp  conftest.c >&5
configure:4438: $? = 0
configure:4450: icc -std=gnu11 -o conftest -O2 -I/home/delangen/local/include -L/home/delangen/local/lib -march=native -mtune=skylake -qopt-zmm-usage=high -ffast-math -std=gnu99 -fopenmp   conftest.c -lm  >&5
configure:4450: $? = 0
configure:4473: result: -fopenmp
configure:4723: checking whether icc -std=gnu11 accepts -mkl
configure:4738: icc -std=gnu11 -c -O2 -I/home/delangen/local/include -L/home/delangen/local/lib -march=native -mtune=skylake -qopt-zmm-usage=high -ffast-math -std=gnu99 -fopenmp -mkl  conftest.c >&5
configure:4738: $? = 0
configure:4741: result: yes
configure:4746: checking for fftw_plan_many_dft
configure:4746: icc -std=gnu11 -o conftest -O2 -I/home/delangen/local/include -L/home/delangen/local/lib -march=native -mtune=skylake -qopt-zmm-usage=high -ffast-math -std=gnu99 -fopenmp   conftest.c -mkl -lm  >&5
configure:4746: $? = 0
configure:4746: result: yes
configure:4750: "FFTW interface found in MKL, link with -mkl"
configure:5121: checking for size_t
configure:5121: icc -std=gnu11 -c -O2 -I/home/delangen/local/include -L/home/delangen/local/lib -march=native -mtune=skylake -qopt-zmm-usage=high -ffast-math -std=gnu99 -fopenmp  conftest.c >&5
configure:5121: $? = 0
configure:5121: icc -std=gnu11 -c -O2 -I/home/delangen/local/include -L/home/delangen/local/lib -march=native -mtune=skylake -qopt-zmm-usage=high -ffast-math -std=gnu99 -fopenmp  conftest.c >&5
conftest.c(62): error: expected an expression
  if (sizeof ((size_t)))
                      ^

compilation aborted for conftest.c (code 2)
configure:5121: $? = 2
configure: failed program was:
| /* confdefs.h */
| #define PACKAGE_NAME "SHTns"
| #define PACKAGE_TARNAME "shtns"
| #define PACKAGE_VERSION "3.5.2"
| #define PACKAGE_STRING "SHTns 3.5.2"
| #define PACKAGE_BUGREPORT ""
| #define PACKAGE_URL "https://bitbucket.org/nschaeff/shtns"
| #define HAVE_STDIO_H 1
| #define HAVE_STDLIB_H 1
| #define HAVE_STRING_H 1
| #define HAVE_INTTYPES_H 1
| #define HAVE_STDINT_H 1
| #define HAVE_STRINGS_H 1
| #define HAVE_SYS_STAT_H 1
| #define HAVE_SYS_TYPES_H 1
| #define HAVE_UNISTD_H 1
| #define STDC_HEADERS 1
| #define HAVE_STDLIB_H 1
| #define HAVE_STDIO_H 1
| #define HAVE_STRING_H 1
| #define HAVE_MATH_H 1
| #define HAVE_COMPLEX_H 1
| #define HAVE_LIBM 1
| #define SHTNS4MAGIC 1
| #define HAVE_LIBFFTW3_OMP 1
| #define SHT_F77_API 1
| #define _GCC_VEC_ 1
| #define SHTNS_ISHIOKA 1
| #define SHT_VERBOSE 1
| /* end confdefs.h.  */
| #include <stddef.h>
| #ifdef HAVE_STDIO_H
| # include <stdio.h>
| #endif
| #ifdef HAVE_STDLIB_H
| # include <stdlib.h>
| #endif
| #ifdef HAVE_STRING_H
| # include <string.h>
| #endif
| #ifdef HAVE_INTTYPES_H
| # include <inttypes.h>
| #endif
| #ifdef HAVE_STDINT_H
| # include <stdint.h>
| #endif
| #ifdef HAVE_STRINGS_H
| # include <strings.h>
| #endif
| #ifdef HAVE_SYS_TYPES_H
| # include <sys/types.h>
| #endif
| #ifdef HAVE_SYS_STAT_H
| # include <sys/stat.h>
| #endif
| #ifdef HAVE_UNISTD_H
| # include <unistd.h>
| #endif
| int
| main (void)
| {
| if (sizeof ((size_t)))
| 	    return 0;
|   ;
|   return 0;
| }
configure:5121: result: yes
configure:5135: checking for fftw_cost
configure:5135: icc -std=gnu11 -o conftest -O2 -I/home/delangen/local/include -L/home/delangen/local/lib -march=native -mtune=skylake -qopt-zmm-usage=high -ffast-math -std=gnu99 -fopenmp   conftest.c -mkl -lm  >&5
configure:5135: $? = 0
configure:5135: result: yes
configure:5144: checking for inline
configure:5161: icc -std=gnu11 -c -O2 -I/home/delangen/local/include -L/home/delangen/local/lib -march=native -mtune=skylake -qopt-zmm-usage=high -ffast-math -std=gnu99 -fopenmp  conftest.c >&5
configure:5161: $? = 0
configure:5170: result: inline
configure:5188: checking for sys/time.h
configure:5188: icc -std=gnu11 -c -O2 -I/home/delangen/local/include -L/home/delangen/local/lib -march=native -mtune=skylake -qopt-zmm-usage=high -ffast-math -std=gnu99 -fopenmp  conftest.c >&5
configure:5188: $? = 0
configure:5188: result: yes
configure:5194: checking for c_asm.h
configure:5194: icc -std=gnu11 -c -O2 -I/home/delangen/local/include -L/home/delangen/local/lib -march=native -mtune=skylake -qopt-zmm-usage=high -ffast-math -std=gnu99 -fopenmp  conftest.c >&5
conftest.c(61): catastrophic error: cannot open source file "c_asm.h"
  #include <c_asm.h>
                    ^

compilation aborted for conftest.c (code 4)
configure:5194: $? = 4
configure: failed program was:
| /* confdefs.h */
| #define PACKAGE_NAME "SHTns"
| #define PACKAGE_TARNAME "shtns"
| #define PACKAGE_VERSION "3.5.2"
| #define PACKAGE_STRING "SHTns 3.5.2"
| #define PACKAGE_BUGREPORT ""
| #define PACKAGE_URL "https://bitbucket.org/nschaeff/shtns"
| #define HAVE_STDIO_H 1
| #define HAVE_STDLIB_H 1
| #define HAVE_STRING_H 1
| #define HAVE_INTTYPES_H 1
| #define HAVE_STDINT_H 1
| #define HAVE_STRINGS_H 1
| #define HAVE_SYS_STAT_H 1
| #define HAVE_SYS_TYPES_H 1
| #define HAVE_UNISTD_H 1
| #define STDC_HEADERS 1
| #define HAVE_STDLIB_H 1
| #define HAVE_STDIO_H 1
| #define HAVE_STRING_H 1
| #define HAVE_MATH_H 1
| #define HAVE_COMPLEX_H 1
| #define HAVE_LIBM 1
| #define SHTNS4MAGIC 1
| #define HAVE_LIBFFTW3_OMP 1
| #define SHT_F77_API 1
| #define _GCC_VEC_ 1
| #define SHTNS_ISHIOKA 1
| #define SHT_VERBOSE 1
| #define HAVE_FFTW_COST 1
| #define HAVE_SYS_TIME_H 1
| /* end confdefs.h.  */
| #include <stddef.h>
| #ifdef HAVE_STDIO_H
| # include <stdio.h>
| #endif
| #ifdef HAVE_STDLIB_H
| # include <stdlib.h>
| #endif
| #ifdef HAVE_STRING_H
| # include <string.h>
| #endif
| #ifdef HAVE_INTTYPES_H
| # include <inttypes.h>
| #endif
| #ifdef HAVE_STDINT_H
| # include <stdint.h>
| #endif
| #ifdef HAVE_STRINGS_H
| # include <strings.h>
| #endif
| #ifdef HAVE_SYS_TYPES_H
| # include <sys/types.h>
| #endif
| #ifdef HAVE_SYS_STAT_H
| # include <sys/stat.h>
| #endif
| #ifdef HAVE_UNISTD_H
| # include <unistd.h>
| #endif
| #include <c_asm.h>
configure:5194: result: no
configure:5200: checking for intrinsics.h
configure:5200: icc -std=gnu11 -c -O2 -I/home/delangen/local/include -L/home/delangen/local/lib -march=native -mtune=skylake -qopt-zmm-usage=high -ffast-math -std=gnu99 -fopenmp  conftest.c >&5
conftest.c(61): catastrophic error: cannot open source file "intrinsics.h"
  #include <intrinsics.h>
                         ^

compilation aborted for conftest.c (code 4)
configure:5200: $? = 4
configure: failed program was:
| /* confdefs.h */
| #define PACKAGE_NAME "SHTns"
| #define PACKAGE_TARNAME "shtns"
| #define PACKAGE_VERSION "3.5.2"
| #define PACKAGE_STRING "SHTns 3.5.2"
| #define PACKAGE_BUGREPORT ""
| #define PACKAGE_URL "https://bitbucket.org/nschaeff/shtns"
| #define HAVE_STDIO_H 1
| #define HAVE_STDLIB_H 1
| #define HAVE_STRING_H 1
| #define HAVE_INTTYPES_H 1
| #define HAVE_STDINT_H 1
| #define HAVE_STRINGS_H 1
| #define HAVE_SYS_STAT_H 1
| #define HAVE_SYS_TYPES_H 1
| #define HAVE_UNISTD_H 1
| #define STDC_HEADERS 1
| #define HAVE_STDLIB_H 1
| #define HAVE_STDIO_H 1
| #define HAVE_STRING_H 1
| #define HAVE_MATH_H 1
| #define HAVE_COMPLEX_H 1
| #define HAVE_LIBM 1
| #define SHTNS4MAGIC 1
| #define HAVE_LIBFFTW3_OMP 1
| #define SHT_F77_API 1
| #define _GCC_VEC_ 1
| #define SHTNS_ISHIOKA 1
| #define SHT_VERBOSE 1
| #define HAVE_FFTW_COST 1
| #define HAVE_SYS_TIME_H 1
| /* end confdefs.h.  */
| #include <stddef.h>
| #ifdef HAVE_STDIO_H
| # include <stdio.h>
| #endif
| #ifdef HAVE_STDLIB_H
| # include <stdlib.h>
| #endif
| #ifdef HAVE_STRING_H
| # include <string.h>
| #endif
| #ifdef HAVE_INTTYPES_H
| # include <inttypes.h>
| #endif
| #ifdef HAVE_STDINT_H
| # include <stdint.h>
| #endif
| #ifdef HAVE_STRINGS_H
| # include <strings.h>
| #endif
| #ifdef HAVE_SYS_TYPES_H
| # include <sys/types.h>
| #endif
| #ifdef HAVE_SYS_STAT_H
| # include <sys/stat.h>
| #endif
| #ifdef HAVE_UNISTD_H
| # include <unistd.h>
| #endif
| #include <intrinsics.h>
configure:5200: result: no
configure:5206: checking for mach/mach_time.h
configure:5206: icc -std=gnu11 -c -O2 -I/home/delangen/local/include -L/home/delangen/local/lib -march=native -mtune=skylake -qopt-zmm-usage=high -ffast-math -std=gnu99 -fopenmp  conftest.c >&5
conftest.c(61): catastrophic error: cannot open source file "mach/mach_time.h"
  #include <mach/mach_time.h>
                             ^

compilation aborted for conftest.c (code 4)
configure:5206: $? = 4
configure: failed program was:
| /* confdefs.h */
| #define PACKAGE_NAME "SHTns"
| #define PACKAGE_TARNAME "shtns"
| #define PACKAGE_VERSION "3.5.2"
| #define PACKAGE_STRING "SHTns 3.5.2"
| #define PACKAGE_BUGREPORT ""
| #define PACKAGE_URL "https://bitbucket.org/nschaeff/shtns"
| #define HAVE_STDIO_H 1
| #define HAVE_STDLIB_H 1
| #define HAVE_STRING_H 1
| #define HAVE_INTTYPES_H 1
| #define HAVE_STDINT_H 1
| #define HAVE_STRINGS_H 1
| #define HAVE_SYS_STAT_H 1
| #define HAVE_SYS_TYPES_H 1
| #define HAVE_UNISTD_H 1
| #define STDC_HEADERS 1
| #define HAVE_STDLIB_H 1
| #define HAVE_STDIO_H 1
| #define HAVE_STRING_H 1
| #define HAVE_MATH_H 1
| #define HAVE_COMPLEX_H 1
| #define HAVE_LIBM 1
| #define SHTNS4MAGIC 1
| #define HAVE_LIBFFTW3_OMP 1
| #define SHT_F77_API 1
| #define _GCC_VEC_ 1
| #define SHTNS_ISHIOKA 1
| #define SHT_VERBOSE 1
| #define HAVE_FFTW_COST 1
| #define HAVE_SYS_TIME_H 1
| /* end confdefs.h.  */
| #include <stddef.h>
| #ifdef HAVE_STDIO_H
| # include <stdio.h>
| #endif
| #ifdef HAVE_STDLIB_H
| # include <stdlib.h>
| #endif
| #ifdef HAVE_STRING_H
| # include <string.h>
| #endif
| #ifdef HAVE_INTTYPES_H
| # include <inttypes.h>
| #endif
| #ifdef HAVE_STDINT_H
| # include <stdint.h>
| #endif
| #ifdef HAVE_STRINGS_H
| # include <strings.h>
| #endif
| #ifdef HAVE_SYS_TYPES_H
| # include <sys/types.h>
| #endif
| #ifdef HAVE_SYS_STAT_H
| # include <sys/stat.h>
| #endif
| #ifdef HAVE_UNISTD_H
| # include <unistd.h>
| #endif
| #include <mach/mach_time.h>
configure:5206: result: no
configure:5214: checking for hrtime_t
configure:5214: icc -std=gnu11 -c -O2 -I/home/delangen/local/include -L/home/delangen/local/lib -march=native -mtune=skylake -qopt-zmm-usage=high -ffast-math -std=gnu99 -fopenmp  conftest.c >&5
conftest.c(40): error: identifier "hrtime_t" is undefined
  if (sizeof (hrtime_t))
              ^

compilation aborted for conftest.c (code 2)
configure:5214: $? = 2
configure: failed program was:
| /* confdefs.h */
| #define PACKAGE_NAME "SHTns"
| #define PACKAGE_TARNAME "shtns"
| #define PACKAGE_VERSION "3.5.2"
| #define PACKAGE_STRING "SHTns 3.5.2"
| #define PACKAGE_BUGREPORT ""
| #define PACKAGE_URL "https://bitbucket.org/nschaeff/shtns"
| #define HAVE_STDIO_H 1
| #define HAVE_STDLIB_H 1
| #define HAVE_STRING_H 1
| #define HAVE_INTTYPES_H 1
| #define HAVE_STDINT_H 1
| #define HAVE_STRINGS_H 1
| #define HAVE_SYS_STAT_H 1
| #define HAVE_SYS_TYPES_H 1
| #define HAVE_UNISTD_H 1
| #define STDC_HEADERS 1
| #define HAVE_STDLIB_H 1
| #define HAVE_STDIO_H 1
| #define HAVE_STRING_H 1
| #define HAVE_MATH_H 1
| #define HAVE_COMPLEX_H 1
| #define HAVE_LIBM 1
| #define SHTNS4MAGIC 1
| #define HAVE_LIBFFTW3_OMP 1
| #define SHT_F77_API 1
| #define _GCC_VEC_ 1
| #define SHTNS_ISHIOKA 1
| #define SHT_VERBOSE 1
| #define HAVE_FFTW_COST 1
| #define HAVE_SYS_TIME_H 1
| /* end confdefs.h.  */
| #if HAVE_SYS_TIME_H
| #include <sys/time.h>
| #endif
| 
| int
| main (void)
| {
| if (sizeof (hrtime_t))
| 	 return 0;
|   ;
|   return 0;
| }
configure:5214: result: no
configure:5226: checking for gethrtime
configure:5226: icc -std=gnu11 -o conftest -O2 -I/home/delangen/local/include -L/home/delangen/local/lib -march=native -mtune=skylake -qopt-zmm-usage=high -ffast-math -std=gnu99 -fopenmp   conftest.c -mkl -lm  >&5
/usr/lib64/gcc/x86_64-suse-linux/4.8/../../../../x86_64-suse-linux/bin/ld: /tmp/icck5azYm.o: in function `main':
conftest.c:(.text+0x3a): undefined reference to `gethrtime'
configure:5226: $? = 1
configure: failed program was:
| /* confdefs.h */
| #define PACKAGE_NAME "SHTns"
| #define PACKAGE_TARNAME "shtns"
| #define PACKAGE_VERSION "3.5.2"
| #define PACKAGE_STRING "SHTns 3.5.2"
| #define PACKAGE_BUGREPORT ""
| #define PACKAGE_URL "https://bitbucket.org/nschaeff/shtns"
| #define HAVE_STDIO_H 1
| #define HAVE_STDLIB_H 1
| #define HAVE_STRING_H 1
| #define HAVE_INTTYPES_H 1
| #define HAVE_STDINT_H 1
| #define HAVE_STRINGS_H 1
| #define HAVE_SYS_STAT_H 1
| #define HAVE_SYS_TYPES_H 1
| #define HAVE_UNISTD_H 1
| #define STDC_HEADERS 1
| #define HAVE_STDLIB_H 1
| #define HAVE_STDIO_H 1
| #define HAVE_STRING_H 1
| #define HAVE_MATH_H 1
| #define HAVE_COMPLEX_H 1
| #define HAVE_LIBM 1
| #define SHTNS4MAGIC 1
| #define HAVE_LIBFFTW3_OMP 1
| #define SHT_F77_API 1
| #define _GCC_VEC_ 1
| #define SHTNS_ISHIOKA 1
| #define SHT_VERBOSE 1
| #define HAVE_FFTW_COST 1
| #define HAVE_SYS_TIME_H 1
| /* end confdefs.h.  */
| /* Define gethrtime to an innocuous variant, in case <limits.h> declares gethrtime.
|    For example, HP-UX 11i <limits.h> declares gettimeofday.  */
| #define gethrtime innocuous_gethrtime
| 
| /* System header to define __stub macros and hopefully few prototypes,
|    which can conflict with char gethrtime (); below.  */
| 
| #include <limits.h>
| #undef gethrtime
| 
| /* Override any GCC internal prototype to avoid an error.
|    Use char because int might match the return type of a GCC
|    builtin and then its argument prototype would still apply.  */
| #ifdef __cplusplus
| extern "C"
| #endif
| char gethrtime ();
| /* The GNU C library defines this for functions which it implements
|     to always fail with ENOSYS.  Some functions are actually named
|     something starting with __ and the normal name is an alias.  */
| #if defined __stub_gethrtime || defined __stub___gethrtime
| choke me
| #endif
| 
| int
| main (void)
| {
| return gethrtime ();
|   ;
|   return 0;
| }
configure:5226: result: no
configure:5232: checking for read_real_time
configure:5232: icc -std=gnu11 -o conftest -O2 -I/home/delangen/local/include -L/home/delangen/local/lib -march=native -mtune=skylake -qopt-zmm-usage=high -ffast-math -std=gnu99 -fopenmp   conftest.c -mkl -lm  >&5
/usr/lib64/gcc/x86_64-suse-linux/4.8/../../../../x86_64-suse-linux/bin/ld: /tmp/icc6NYDyK.o: in function `main':
conftest.c:(.text+0x3a): undefined reference to `read_real_time'
configure:5232: $? = 1
configure: failed program was:
| /* confdefs.h */
| #define PACKAGE_NAME "SHTns"
| #define PACKAGE_TARNAME "shtns"
| #define PACKAGE_VERSION "3.5.2"
| #define PACKAGE_STRING "SHTns 3.5.2"
| #define PACKAGE_BUGREPORT ""
| #define PACKAGE_URL "https://bitbucket.org/nschaeff/shtns"
| #define HAVE_STDIO_H 1
| #define HAVE_STDLIB_H 1
| #define HAVE_STRING_H 1
| #define HAVE_INTTYPES_H 1
| #define HAVE_STDINT_H 1
| #define HAVE_STRINGS_H 1
| #define HAVE_SYS_STAT_H 1
| #define HAVE_SYS_TYPES_H 1
| #define HAVE_UNISTD_H 1
| #define STDC_HEADERS 1
| #define HAVE_STDLIB_H 1
| #define HAVE_STDIO_H 1
| #define HAVE_STRING_H 1
| #define HAVE_MATH_H 1
| #define HAVE_COMPLEX_H 1
| #define HAVE_LIBM 1
| #define SHTNS4MAGIC 1
| #define HAVE_LIBFFTW3_OMP 1
| #define SHT_F77_API 1
| #define _GCC_VEC_ 1
| #define SHTNS_ISHIOKA 1
| #define SHT_VERBOSE 1
| #define HAVE_FFTW_COST 1
| #define HAVE_SYS_TIME_H 1
| /* end confdefs.h.  */
| /* Define read_real_time to an innocuous variant, in case <limits.h> declares read_real_time.
|    For example, HP-UX 11i <limits.h> declares gettimeofday.  */
| #define read_real_time innocuous_read_real_time
| 
| /* System header to define __stub macros and hopefully few prototypes,
|    which can conflict with char read_real_time (); below.  */
| 
| #include <limits.h>
| #undef read_real_time
| 
| /* Override any GCC internal prototype to avoid an error.
|    Use char because int might match the return type of a GCC
|    builtin and then its argument prototype would still apply.  */
| #ifdef __cplusplus
| extern "C"
| #endif
| char read_real_time ();
| /* The GNU C library defines this for functions which it implements
|     to always fail with ENOSYS.  Some functions are actually named
|     something starting with __ and the normal name is an alias.  */
| #if defined __stub_read_real_time || defined __stub___read_real_time
| choke me
| #endif
| 
| int
| main (void)
| {
| return read_real_time ();
|   ;
|   return 0;
| }
configure:5232: result: no
configure:5238: checking for time_base_to_time
configure:5238: icc -std=gnu11 -o conftest -O2 -I/home/delangen/local/include -L/home/delangen/local/lib -march=native -mtune=skylake -qopt-zmm-usage=high -ffast-math -std=gnu99 -fopenmp   conftest.c -mkl -lm  >&5
/usr/lib64/gcc/x86_64-suse-linux/4.8/../../../../x86_64-suse-linux/bin/ld: /tmp/icccy0y69.o: in function `main':
conftest.c:(.text+0x3a): undefined reference to `time_base_to_time'
configure:5238: $? = 1
configure: failed program was:
| /* confdefs.h */
| #define PACKAGE_NAME "SHTns"
| #define PACKAGE_TARNAME "shtns"
| #define PACKAGE_VERSION "3.5.2"
| #define PACKAGE_STRING "SHTns 3.5.2"
| #define PACKAGE_BUGREPORT ""
| #define PACKAGE_URL "https://bitbucket.org/nschaeff/shtns"
| #define HAVE_STDIO_H 1
| #define HAVE_STDLIB_H 1
| #define HAVE_STRING_H 1
| #define HAVE_INTTYPES_H 1
| #define HAVE_STDINT_H 1
| #define HAVE_STRINGS_H 1
| #define HAVE_SYS_STAT_H 1
| #define HAVE_SYS_TYPES_H 1
| #define HAVE_UNISTD_H 1
| #define STDC_HEADERS 1
| #define HAVE_STDLIB_H 1
| #define HAVE_STDIO_H 1
| #define HAVE_STRING_H 1
| #define HAVE_MATH_H 1
| #define HAVE_COMPLEX_H 1
| #define HAVE_LIBM 1
| #define SHTNS4MAGIC 1
| #define HAVE_LIBFFTW3_OMP 1
| #define SHT_F77_API 1
| #define _GCC_VEC_ 1
| #define SHTNS_ISHIOKA 1
| #define SHT_VERBOSE 1
| #define HAVE_FFTW_COST 1
| #define HAVE_SYS_TIME_H 1
| /* end confdefs.h.  */
| /* Define time_base_to_time to an innocuous variant, in case <limits.h> declares time_base_to_time.
|    For example, HP-UX 11i <limits.h> declares gettimeofday.  */
| #define time_base_to_time innocuous_time_base_to_time
| 
| /* System header to define __stub macros and hopefully few prototypes,
|    which can conflict with char time_base_to_time (); below.  */
| 
| #include <limits.h>
| #undef time_base_to_time
| 
| /* Override any GCC internal prototype to avoid an error.
|    Use char because int might match the return type of a GCC
|    builtin and then its argument prototype would still apply.  */
| #ifdef __cplusplus
| extern "C"
| #endif
| char time_base_to_time ();
| /* The GNU C library defines this for functions which it implements
|     to always fail with ENOSYS.  Some functions are actually named
|     something starting with __ and the normal name is an alias.  */
| #if defined __stub_time_base_to_time || defined __stub___time_base_to_time
| choke me
| #endif
| 
| int
| main (void)
| {
| return time_base_to_time ();
|   ;
|   return 0;
| }
configure:5238: result: no
configure:5244: checking for clock_gettime
configure:5244: icc -std=gnu11 -o conftest -O2 -I/home/delangen/local/include -L/home/delangen/local/lib -march=native -mtune=skylake -qopt-zmm-usage=high -ffast-math -std=gnu99 -fopenmp   conftest.c -mkl -lm  >&5
configure:5244: $? = 0
configure:5244: result: yes
configure:5250: checking for mach_absolute_time
configure:5250: icc -std=gnu11 -o conftest -O2 -I/home/delangen/local/include -L/home/delangen/local/lib -march=native -mtune=skylake -qopt-zmm-usage=high -ffast-math -std=gnu99 -fopenmp   conftest.c -mkl -lm  >&5
/usr/lib64/gcc/x86_64-suse-linux/4.8/../../../../x86_64-suse-linux/bin/ld: /tmp/icccr3qSJ.o: in function `main':
conftest.c:(.text+0x3a): undefined reference to `mach_absolute_time'
configure:5250: $? = 1
configure: failed program was:
| /* confdefs.h */
| #define PACKAGE_NAME "SHTns"
| #define PACKAGE_TARNAME "shtns"
| #define PACKAGE_VERSION "3.5.2"
| #define PACKAGE_STRING "SHTns 3.5.2"
| #define PACKAGE_BUGREPORT ""
| #define PACKAGE_URL "https://bitbucket.org/nschaeff/shtns"
| #define HAVE_STDIO_H 1
| #define HAVE_STDLIB_H 1
| #define HAVE_STRING_H 1
| #define HAVE_INTTYPES_H 1
| #define HAVE_STDINT_H 1
| #define HAVE_STRINGS_H 1
| #define HAVE_SYS_STAT_H 1
| #define HAVE_SYS_TYPES_H 1
| #define HAVE_UNISTD_H 1
| #define STDC_HEADERS 1
| #define HAVE_STDLIB_H 1
| #define HAVE_STDIO_H 1
| #define HAVE_STRING_H 1
| #define HAVE_MATH_H 1
| #define HAVE_COMPLEX_H 1
| #define HAVE_LIBM 1
| #define SHTNS4MAGIC 1
| #define HAVE_LIBFFTW3_OMP 1
| #define SHT_F77_API 1
| #define _GCC_VEC_ 1
| #define SHTNS_ISHIOKA 1
| #define SHT_VERBOSE 1
| #define HAVE_FFTW_COST 1
| #define HAVE_SYS_TIME_H 1
| #define HAVE_CLOCK_GETTIME 1
| /* end confdefs.h.  */
| /* Define mach_absolute_time to an innocuous variant, in case <limits.h> declares mach_absolute_time.
|    For example, HP-UX 11i <limits.h> declares gettimeofday.  */
| #define mach_absolute_time innocuous_mach_absolute_time
| 
| /* System header to define __stub macros and hopefully few prototypes,
|    which can conflict with char mach_absolute_time (); below.  */
| 
| #include <limits.h>
| #undef mach_absolute_time
| 
| /* Override any GCC internal prototype to avoid an error.
|    Use char because int might match the return type of a GCC
|    builtin and then its argument prototype would still apply.  */
| #ifdef __cplusplus
| extern "C"
| #endif
| char mach_absolute_time ();
| /* The GNU C library defines this for functions which it implements
|     to always fail with ENOSYS.  Some functions are actually named
|     something starting with __ and the normal name is an alias.  */
| #if defined __stub_mach_absolute_time || defined __stub___mach_absolute_time
| choke me
| #endif
| 
| int
| main (void)
| {
| return mach_absolute_time ();
|   ;
|   return 0;
| }
configure:5250: result: no
configure:5258: checking for _rtc intrinsic
configure:5274: icc -std=gnu11 -o conftest -O2 -I/home/delangen/local/include -L/home/delangen/local/lib -march=native -mtune=skylake -qopt-zmm-usage=high -ffast-math -std=gnu99 -fopenmp   conftest.c -mkl -lm  >&5
conftest.c(40): warning #266: function "_rtc" declared implicitly
  _rtc()
  ^

/usr/lib64/gcc/x86_64-suse-linux/4.8/../../../../x86_64-suse-linux/bin/ld: /tmp/iccBZeK73.o: in function `main':
conftest.c:(.text+0x3b): undefined reference to `_rtc'
configure:5274: $? = 1
configure: failed program was:
| /* confdefs.h */
| #define PACKAGE_NAME "SHTns"
| #define PACKAGE_TARNAME "shtns"
| #define PACKAGE_VERSION "3.5.2"
| #define PACKAGE_STRING "SHTns 3.5.2"
| #define PACKAGE_BUGREPORT ""
| #define PACKAGE_URL "https://bitbucket.org/nschaeff/shtns"
| #define HAVE_STDIO_H 1
| #define HAVE_STDLIB_H 1
| #define HAVE_STRING_H 1
| #define HAVE_INTTYPES_H 1
| #define HAVE_STDINT_H 1
| #define HAVE_STRINGS_H 1
| #define HAVE_SYS_STAT_H 1
| #define HAVE_SYS_TYPES_H 1
| #define HAVE_UNISTD_H 1
| #define STDC_HEADERS 1
| #define HAVE_STDLIB_H 1
| #define HAVE_STDIO_H 1
| #define HAVE_STRING_H 1
| #define HAVE_MATH_H 1
| #define HAVE_COMPLEX_H 1
| #define HAVE_LIBM 1
| #define SHTNS4MAGIC 1
| #define HAVE_LIBFFTW3_OMP 1
| #define SHT_F77_API 1
| #define _GCC_VEC_ 1
| #define SHTNS_ISHIOKA 1
| #define SHT_VERBOSE 1
| #define HAVE_FFTW_COST 1
| #define HAVE_SYS_TIME_H 1
| #define HAVE_CLOCK_GETTIME 1
| /* end confdefs.h.  */
| #ifdef HAVE_INTRINSICS_H
| #include <intrinsics.h>
| #endif
| int
| main (void)
| {
| _rtc()
|   ;
|   return 0;
| }
configure:5284: result: no
configure:5405: checking for Fortran compiler version
configure:5414: mpif90 --version >&5
ifort (IFORT) 19.0.4.243 20190416
Copyright (C) 1985-2019 Intel Corporation.  All rights reserved.

configure:5425: $? = 0
configure:5414: mpif90 -v >&5
ifort version 19.0.4.243
configure:5425: $? = 0
configure:5414: mpif90 -V >&5
Intel(R) Fortran Intel(R) 64 Compiler for applications running on Intel(R) 64, Version 19.0.4.243 Build 20190416
Copyright (C) 1985-2019 Intel Corporation.  All rights reserved.

configure:5425: $? = 0
configure:5414: mpif90 -qversion >&5
ifort: command line warning #10006: ignoring unknown option '-qversion'
ifort: command line error: no files specified; for help type "ifort -help"
configure:5425: $? = 1
configure:5434: checking whether the compiler supports GNU Fortran
configure:5448: mpif90 -c   conftest.F >&5
conftest.F(3): error #5082: Syntax error, found END-OF-STATEMENT when expecting one of: ( : % [ . = =>
       choke me
---------------^
conftest.F(3): error #6218: This statement is positioned incorrectly and/or has syntax errors.
       choke me
-------^
compilation aborted for conftest.F (code 1)
configure:5448: $? = 1
configure: failed program was:
|       program main
| #ifndef __GNUC__
|        choke me
| #endif
| 
|       end
configure:5458: result: no
configure:5466: checking whether mpif90 accepts -g
configure:5478: mpif90 -c -g  conftest.f >&5
configure:5478: $? = 0
configure:5487: result: yes
configure:5643: creating ./config.status

## ---------------------- ##
## Running config.status. ##
## ---------------------- ##

This file was extended by SHTns config.status 3.5.2, which was
generated by GNU Autoconf 2.71.  Invocation command line was

  CONFIG_FILES    = 
  CONFIG_HEADERS  = 
  CONFIG_LINKS    = 
  CONFIG_COMMANDS = 
  $ ./config.status 

on helios1

config.status:822: creating Makefile
config.status:822: creating setup.py
config.status:822: creating sht_config.h
config.status:992: sht_config.h is unchanged

## ---------------- ##
## Cache variables. ##
## ---------------- ##

ac_cv_c_compiler_gnu=yes
ac_cv_c_inline=inline
ac_cv_env_CC_set=set
ac_cv_env_CC_value=icc
ac_cv_env_CFLAGS_set=
ac_cv_env_CFLAGS_value=
ac_cv_env_CPPFLAGS_set=
ac_cv_env_CPPFLAGS_value=
ac_cv_env_FCFLAGS_set=
ac_cv_env_FCFLAGS_value=
ac_cv_env_FC_set=set
ac_cv_env_FC_value=mpif90
ac_cv_env_LDFLAGS_set=
ac_cv_env_LDFLAGS_value=
ac_cv_env_LIBS_set=
ac_cv_env_LIBS_value=
ac_cv_env_PYTHON_set=
ac_cv_env_PYTHON_value=
ac_cv_env_build_alias_set=
ac_cv_env_build_alias_value=
ac_cv_env_host_alias_set=
ac_cv_env_host_alias_value=
ac_cv_env_target_alias_set=
ac_cv_env_target_alias_value=
ac_cv_fc_compiler_gnu=no
ac_cv_func_clock_gettime=yes
ac_cv_func_fftw_cost=yes
ac_cv_func_fftw_plan_many_dft=yes
ac_cv_func_gethrtime=no
ac_cv_func_mach_absolute_time=no
ac_cv_func_read_real_time=no
ac_cv_func_time_base_to_time=no
ac_cv_header_c_asm_h=no
ac_cv_header_complex_h=yes
ac_cv_header_intrinsics_h=no
ac_cv_header_inttypes_h=yes
ac_cv_header_mach_mach_time_h=no
ac_cv_header_math_h=yes
ac_cv_header_stdint_h=yes
ac_cv_header_stdio_h=yes
ac_cv_header_stdlib_h=yes
ac_cv_header_string_h=yes
ac_cv_header_strings_h=yes
ac_cv_header_sys_stat_h=yes
ac_cv_header_sys_time_h=yes
ac_cv_header_sys_types_h=yes
ac_cv_header_unistd_h=yes
ac_cv_lib_m_cos=yes
ac_cv_objext=o
ac_cv_path_SED=/usr/bin/sed
ac_cv_prog_ac_ct_CC=icc
ac_cv_prog_c_openmp=-fopenmp
ac_cv_prog_cc_c11=-std=gnu11
ac_cv_prog_cc_g=yes
ac_cv_prog_cc_stdc=-std=gnu11
ac_cv_prog_fc_g=yes
ac_cv_type_hrtime_t=no
ac_cv_type_size_t=yes

## ----------------- ##
## Output variables. ##
## ----------------- ##

CC2='gcc'
CC='icc -std=gnu11'
CFLAGS2='-O2 -I/home/delangen/local/include -L/home/delangen/local/lib -march=native -O3 -ffast-math -std=gnu99 -fno-tree-loop-distribute-patterns -mno-vzeroupper'
CFLAGS='-O2 -I/home/delangen/local/include -L/home/delangen/local/lib -march=native -mtune=skylake -qopt-zmm-usage=high -ffast-math -std=gnu99 -fopenmp'
CPPFLAGS=''
DEFS='-DHAVE_CONFIG_H'
ECHO_C=''
ECHO_N='-n'
ECHO_T=''
EXEEXT=''
FC='mpif90'
FCFLAGS='-g'
FFLAGS='-O2 -I/home/delangen/local/include -L/home/delangen/local/lib'
LDFLAGS=''
LIBOBJS=''
LIBS='-mkl -lm '
LTLIBOBJS=''
OBJEXT='o'
OPENMP_CFLAGS='-fopenmp'
PACKAGE_BUGREPORT=''
PACKAGE_NAME='SHTns'
PACKAGE_STRING='SHTns 3.5.2'
PACKAGE_TARNAME='shtns'
PACKAGE_URL='https://bitbucket.org/nschaeff/shtns'
PACKAGE_VERSION='3.5.2'
PATH_SEPARATOR=':'
PYTHON=''
SED='/usr/bin/sed'
SHELL='/bin/sh'
ac_ct_CC='icc'
ac_ct_FC=''
bindir='${exec_prefix}/bin'
build_alias=''
datadir='${datarootdir}'
datarootdir='${prefix}/share'
docdir='${datarootdir}/doc/${PACKAGE_TARNAME}'
dvidir='${docdir}'
exec_prefix='${prefix}'
host_alias=''
htmldir='${docdir}'
includedir='${prefix}/include'
infodir='${datarootdir}/info'
install='install-lib'
libdir='${exec_prefix}/lib'
libexecdir='${exec_prefix}/libexec'
libname='libshtns_omp.a'
localedir='${datarootdir}/locale'
localstatedir='${prefix}/var'
mandir='${datarootdir}/man'
numpy_inc=''
nvcc_flags='-Xcompiler -fopenmp'
objs='sht_fly.o sht_omp.o'
oldincludedir='/usr/include'
pdfdir='${docdir}'
prefix='/home/delangen/local'
program_transform_name='s,x,x,'
psdir='${docdir}'
python_inc=''
runstatedir='${localstatedir}/run'
sbindir='${exec_prefix}/sbin'
sharedstatedir='${prefix}/com'
sysconfdir='${prefix}/etc'
target='libshtns_omp.a'
target_alias=''

## ----------- ##
## confdefs.h. ##
## ----------- ##

/* confdefs.h */
#define PACKAGE_NAME "SHTns"
#define PACKAGE_TARNAME "shtns"
#define PACKAGE_VERSION "3.5.2"
#define PACKAGE_STRING "SHTns 3.5.2"
#define PACKAGE_BUGREPORT ""
#define PACKAGE_URL "https://bitbucket.org/nschaeff/shtns"
#define HAVE_STDIO_H 1
#define HAVE_STDLIB_H 1
#define HAVE_STRING_H 1
#define HAVE_INTTYPES_H 1
#define HAVE_STDINT_H 1
#define HAVE_STRINGS_H 1
#define HAVE_SYS_STAT_H 1
#define HAVE_SYS_TYPES_H 1
#define HAVE_UNISTD_H 1
#define STDC_HEADERS 1
#define HAVE_STDLIB_H 1
#define HAVE_STDIO_H 1
#define HAVE_STRING_H 1
#define HAVE_MATH_H 1
#define HAVE_COMPLEX_H 1
#define HAVE_LIBM 1
#define SHTNS4MAGIC 1
#define HAVE_LIBFFTW3_OMP 1
#define SHT_F77_API 1
#define _GCC_VEC_ 1
#define SHTNS_ISHIOKA 1
#define SHT_VERBOSE 1
#define HAVE_FFTW_COST 1
#define HAVE_SYS_TIME_H 1
#define HAVE_CLOCK_GETTIME 1

configure: exit 0
