The system is: Linux - 4.12.14-95.24-default - x86_64
Compiling the C compiler identification source file "CMakeCCompilerId.c" succeeded.
Compiler: /opt/local/intel/ps_xe-2019.4/compilers_and_libraries_2019.4.243/linux/bin/intel64/icc 
Build flags: 
Id flags: 

The output was:
0


Compilation of the C compiler identification source "CMakeCCompilerId.c" produced "a.out"

The C compiler identification is Intel, found in "/home/delangen/magic/build/CMakeFiles/3.5.2/CompilerIdC/a.out"

Compiling the CXX compiler identification source file "CMakeCXXCompilerId.cpp" succeeded.
Compiler: /usr/bin/c++ 
Build flags: 
Id flags: 

The output was:
0


Compilation of the CXX compiler identification source "CMakeCXXCompilerId.cpp" produced "a.out"

The CXX compiler identification is GNU, found in "/home/delangen/magic/build/CMakeFiles/3.5.2/CompilerIdCXX/a.out"

Determining if the C compiler works passed with the following output:
Change Dir: /home/delangen/magic/build/CMakeFiles/CMakeTmp

Run Build Command:"/usr/bin/gmake" "cmTC_1a513/fast"
/usr/bin/gmake -f CMakeFiles/cmTC_1a513.dir/build.make CMakeFiles/cmTC_1a513.dir/build
gmake[1]: Entering directory '/home/delangen/magic/build/CMakeFiles/CMakeTmp'
Building C object CMakeFiles/cmTC_1a513.dir/testCCompiler.c.o
/opt/local/intel/ps_xe-2019.4/compilers_and_libraries_2019.4.243/linux/bin/intel64/icc     -o CMakeFiles/cmTC_1a513.dir/testCCompiler.c.o   -c /home/delangen/magic/build/CMakeFiles/CMakeTmp/testCCompiler.c
Linking C executable cmTC_1a513
/usr/bin/cmake -E cmake_link_script CMakeFiles/cmTC_1a513.dir/link.txt --verbose=1
/opt/local/intel/ps_xe-2019.4/compilers_and_libraries_2019.4.243/linux/bin/intel64/icc       CMakeFiles/cmTC_1a513.dir/testCCompiler.c.o  -o cmTC_1a513 -rdynamic 
gmake[1]: Leaving directory '/home/delangen/magic/build/CMakeFiles/CMakeTmp'


Detecting C compiler ABI info compiled with the following output:
Change Dir: /home/delangen/magic/build/CMakeFiles/CMakeTmp

Run Build Command:"/usr/bin/gmake" "cmTC_7f9bc/fast"
/usr/bin/gmake -f CMakeFiles/cmTC_7f9bc.dir/build.make CMakeFiles/cmTC_7f9bc.dir/build
gmake[1]: Entering directory '/home/delangen/magic/build/CMakeFiles/CMakeTmp'
Building C object CMakeFiles/cmTC_7f9bc.dir/CMakeCCompilerABI.c.o
/opt/local/intel/ps_xe-2019.4/compilers_and_libraries_2019.4.243/linux/bin/intel64/icc     -o CMakeFiles/cmTC_7f9bc.dir/CMakeCCompilerABI.c.o   -c /usr/share/cmake/Modules/CMakeCCompilerABI.c
Linking C executable cmTC_7f9bc
/usr/bin/cmake -E cmake_link_script CMakeFiles/cmTC_7f9bc.dir/link.txt --verbose=1
/opt/local/intel/ps_xe-2019.4/compilers_and_libraries_2019.4.243/linux/bin/intel64/icc      -v CMakeFiles/cmTC_7f9bc.dir/CMakeCCompilerABI.c.o  -o cmTC_7f9bc -rdynamic  
icc version 19.0.4.243 (gcc version 4.8.0 compatibility)
/opt/local/intel/ps_xe-2019.4/compilers_and_libraries_2019.4.243/linux/bin/intel64/mcpcom    -mGLOB_em64t=TRUE -mP1OPT_version=19.0-intel64 -mGLOB_diag_file=CMakeFiles/cmTC_7f9bc.dir/CMakeCCompilerABI.c.diag -mGLOB_long_size_64 -mGLOB_routine_pointer_size_64 -mP1OPT_print_version=FALSE -mCG_use_gas_got_workaround=F -mP2OPT_align_option_used=TRUE -mGLOB_gcc_version=480 "-mGLOB_options_string=-v -o cmTC_7f9bc -rdynamic" -mGLOB_cxx_limited_range=FALSE -mCG_extend_parms=FALSE -mGLOB_compiler_bin_directory=/opt/local/intel/ps_xe-2019.4/compilers_and_libraries_2019.4.243/linux/bin/intel64 -mGLOB_as_output_backup_file_name=/tmp/icc0prjTvas_.s -mGLOB_dashboard_use_source_name -mIPOPT_activate -mGLOB_product_id_code=0x22006d93 -mP3OPT_use_mspp_call_convention -mP2OPT_subs_out_of_bound=FALSE -mP2OPT_disam_type_based_disam=2 -mP2OPT_disam_assume_ansi_c -mP2OPT_checked_disam_ansi_alias=TRUE -mGLOB_ansi_alias -mPGOPTI_value_profile_use=T -mGLOB_opt_report_use_source_name -mP2OPT_il0_array_sections=TRUE -mGLOB_offload_mode=1 -mP2OPT_offload_unique_var_string=icc0918861912qL8ckd -mP2OPT_hlo -mP2OPT_hpo_rtt_control=0 -mIPOPT_args_in_regs=0 -mP2OPT_disam_assume_nonstd_intent_in=FALSE -mGLOB_imf_mapping_library=/opt/local/intel/ps_xe-2019.4/compilers_and_libraries_2019.4.243/linux/bin/intel64/libiml_attr.so -mPGOPTI_gen_threadsafe_level=0 -mIPOPT_link -mIPOPT_ipo_activate -mIPOPT_mo_activate -mIPOPT_source_files_list=/tmp/iccslism918gI -mIPOPT_mo_global_data -mIPOPT_link_script_file=/tmp/iccscriptMqQd5B "-mIPOPT_cmdline_link="/usr/lib64/gcc/x86_64-suse-linux/4.8/../../../../lib64/crt1.o" "/usr/lib64/gcc/x86_64-suse-linux/4.8/../../../../lib64/crti.o" "/usr/lib64/gcc/x86_64-suse-linux/4.8/crtbegin.o" "-export-dynamic" "--eh-frame-hdr" "--build-id" "-dynamic-linker" "/lib64/ld-linux-x86-64.so.2" "-m" "elf_x86_64" "-o" "cmTC_7f9bc" "-L/opt/local/intel/ps_xe-2019.4/compilers_and_libraries_2019.4.243/linux/tbb/lib/intel64/gcc4.7" "-L/opt/local/intel/ps_xe-2019.4/compilers_and_libraries_2019.4.243/linux/ipp/lib/intel64" "-L/opt/local/intel/ps_xe-2019.4/compilers_and_libraries_2019.4.243/linux/mkl/lib/intel64" "-L/opt/local/intel/ps_xe-2019.4/compilers_and_libraries_2019.4.243/linux/compiler/lib/intel64_lin" "-L/opt/local/intel/ps_xe-2019.4/compilers_and_libraries_2019.4.243/linux/compiler/lib/intel64" "-L/opt/local/intel/ps_xe-2019.4/compilers_and_libraries_2019.4.243/linux/compiler/lib/intel64_lin" "-L/usr/lib64/gcc/x86_64-suse-linux/4.8/" "-L/usr/lib64/gcc/x86_64-suse-linux/4.8/../../../../lib64" "-L/usr/lib64/gcc/x86_64-suse-linux/4.8/../../../../lib64/" "-L/lib/../lib64" "-L/lib/../lib64/" "-L/usr/lib/../lib64" "-L/usr/lib/../lib64/" "-L/opt/local/intel/ps_xe-2019.4/compilers_and_libraries_2019.4.243/linux/tbb/lib/intel64/gcc4.7/" "-L/opt/local/intel/ps_xe-2019.4/compilers_and_libraries_2019.4.243/linux/ipp/lib/intel64/" "-L/opt/local/intel/ps_xe-2019.4/compilers_and_libraries_2019.4.243/linux/mkl/lib/intel64/" "-L/opt/local/intel/ps_xe-2019.4/compilers_and_libraries_2019.4.243/linux/compiler/lib/intel64_lin/" "-L/opt/local/intel/ps_xe-2019.4/compilers_and_libraries_2019.4.243/linux/compiler/lib/intel64/" "-L/usr/lib64/gcc/x86_64-suse-linux/4.8/../../../../x86_64-suse-linux/lib/" "-L/usr/lib64/gcc/x86_64-suse-linux/4.8/../../../" "-L/lib64" "-L/lib/" "-L/usr/lib64" "-L/usr/lib" "CMakeFiles/cmTC_7f9bc.dir/CMakeCCompilerABI.c.o" "-Bdynamic" "-Bstatic" "-limf" "-lsvml" "-lirng" "-Bdynamic" "-lm" "-Bstatic" "-lipgo" "-ldecimal" "--as-needed" "-Bdynamic" "-lcilkrts" "-lstdc++" "--no-as-needed" "-lgcc" "-lgcc_s" "-Bstatic" "-lirc" "-lsvml" "-Bdynamic" "-lc" "-lgcc" "-lgcc_s" "-Bstatic" "-lirc_s" "-Bdynamic" "-ldl" "-lc" "/usr/lib64/gcc/x86_64-suse-linux/4.8/crtend.o" "/usr/lib64/gcc/x86_64-suse-linux/4.8/../../../../lib64/crtn.o"" -mIPOPT_il_in_obj -mIPOPT_ipo_activate_warn=FALSE -mIPOPT_obj_output_file_name=/tmp/ipo_iccvCxRqj.o -mIPOPT_whole_archive_fixup_file_name=/tmp/iccwarchwPhoxj -mGLOB_linker_version=2.31.1.20180828 -mGLOB_linker=/usr/lib64/gcc/x86_64-suse-linux/4.8/../../../../x86_64-suse-linux/bin/ld -mGLOB_driver_tempfile_name=/tmp/icctempfilerUGnnd -mP3OPT_asm_target=P3OPT_ASM_TARGET_GAS -mGLOB_async_unwind_tables=TRUE -mGLOB_obj_output_file=/tmp/ipo_iccvCxRqj.o -mGLOB_source_dialect=GLOB_SOURCE_DIALECT_NONE -mP1OPT_source_file_name=ipo_out.c CMakeFiles/cmTC_7f9bc.dir/CMakeCCompilerABI.c.o -mIPOPT_object_files=T -mIPOPT_assembly_files=/tmp/iccalisks4U26 -mIPOPT_generated_tempfiles=/tmp/iccelisyCJXQ0 -mIPOPT_embedded_object_base_name=/tmp/icceobjL900EU -mIPOPT_cmdline_link_new_name=/tmp/iccllisCBJ4sO
/usr/lib64/gcc/x86_64-suse-linux/4.8/../../../../x86_64-suse-linux/bin/ld    /usr/lib64/gcc/x86_64-suse-linux/4.8/../../../../lib64/crt1.o /usr/lib64/gcc/x86_64-suse-linux/4.8/../../../../lib64/crti.o /usr/lib64/gcc/x86_64-suse-linux/4.8/crtbegin.o -export-dynamic --eh-frame-hdr --build-id -dynamic-linker /lib64/ld-linux-x86-64.so.2 -m elf_x86_64 -o cmTC_7f9bc -L/opt/local/intel/ps_xe-2019.4/compilers_and_libraries_2019.4.243/linux/tbb/lib/intel64/gcc4.7 -L/opt/local/intel/ps_xe-2019.4/compilers_and_libraries_2019.4.243/linux/ipp/lib/intel64 -L/opt/local/intel/ps_xe-2019.4/compilers_and_libraries_2019.4.243/linux/mkl/lib/intel64 -L/opt/local/intel/ps_xe-2019.4/compilers_and_libraries_2019.4.243/linux/compiler/lib/intel64_lin -L/opt/local/intel/ps_xe-2019.4/compilers_and_libraries_2019.4.243/linux/compiler/lib/intel64 -L/opt/local/intel/ps_xe-2019.4/compilers_and_libraries_2019.4.243/linux/compiler/lib/intel64_lin -L/usr/lib64/gcc/x86_64-suse-linux/4.8/ -L/usr/lib64/gcc/x86_64-suse-linux/4.8/../../../../lib64 -L/usr/lib64/gcc/x86_64-suse-linux/4.8/../../../../lib64/ -L/lib/../lib64 -L/lib/../lib64/ -L/usr/lib/../lib64 -L/usr/lib/../lib64/ -L/opt/local/intel/ps_xe-2019.4/compilers_and_libraries_2019.4.243/linux/tbb/lib/intel64/gcc4.7/ -L/opt/local/intel/ps_xe-2019.4/compilers_and_libraries_2019.4.243/linux/ipp/lib/intel64/ -L/opt/local/intel/ps_xe-2019.4/compilers_and_libraries_2019.4.243/linux/mkl/lib/intel64/ -L/opt/local/intel/ps_xe-2019.4/compilers_and_libraries_2019.4.243/linux/compiler/lib/intel64_lin/ -L/opt/local/intel/ps_xe-2019.4/compilers_and_libraries_2019.4.243/linux/compiler/lib/intel64/ -L/usr/lib64/gcc/x86_64-suse-linux/4.8/../../../../x86_64-suse-linux/lib/ -L/usr/lib64/gcc/x86_64-suse-linux/4.8/../../../ -L/lib64 -L/lib/ -L/usr/lib64 -L/usr/lib CMakeFiles/cmTC_7f9bc.dir/CMakeCCompilerABI.c.o -Bdynamic -Bstatic -limf -lsvml -lirng -Bdynamic -lm -Bstatic -lipgo -ldecimal --as-needed -Bdynamic -lcilkrts -lstdc++ --no-as-needed -lgcc -lgcc_s -Bstatic -lirc -lsvml -Bdynamic -lc -lgcc -lgcc_s -Bstatic -lirc_s -Bdynamic -ldl -lc /usr/lib64/gcc/x86_64-suse-linux/4.8/crtend.o /usr/lib64/gcc/x86_64-suse-linux/4.8/../../../../lib64/crtn.o
gmake[1]: Leaving directory '/home/delangen/magic/build/CMakeFiles/CMakeTmp'


Parsed C implicit link information from above output:
  link line regex: [^( *|.*[/\])(ld|([^/\]+-)?ld|collect2)[^/\]*( |$)]
  ignore line: [Change Dir: /home/delangen/magic/build/CMakeFiles/CMakeTmp]
  ignore line: []
  ignore line: [Run Build Command:"/usr/bin/gmake" "cmTC_7f9bc/fast"]
  ignore line: [/usr/bin/gmake -f CMakeFiles/cmTC_7f9bc.dir/build.make CMakeFiles/cmTC_7f9bc.dir/build]
  ignore line: [gmake[1]: Entering directory '/home/delangen/magic/build/CMakeFiles/CMakeTmp']
  ignore line: [Building C object CMakeFiles/cmTC_7f9bc.dir/CMakeCCompilerABI.c.o]
  ignore line: [/opt/local/intel/ps_xe-2019.4/compilers_and_libraries_2019.4.243/linux/bin/intel64/icc     -o CMakeFiles/cmTC_7f9bc.dir/CMakeCCompilerABI.c.o   -c /usr/share/cmake/Modules/CMakeCCompilerABI.c]
  ignore line: [Linking C executable cmTC_7f9bc]
  ignore line: [/usr/bin/cmake -E cmake_link_script CMakeFiles/cmTC_7f9bc.dir/link.txt --verbose=1]
  ignore line: [/opt/local/intel/ps_xe-2019.4/compilers_and_libraries_2019.4.243/linux/bin/intel64/icc      -v CMakeFiles/cmTC_7f9bc.dir/CMakeCCompilerABI.c.o  -o cmTC_7f9bc -rdynamic  ]
  ignore line: [icc version 19.0.4.243 (gcc version 4.8.0 compatibility)]
  ignore line: [/opt/local/intel/ps_xe-2019.4/compilers_and_libraries_2019.4.243/linux/bin/intel64/mcpcom    -mGLOB_em64t=TRUE -mP1OPT_version=19.0-intel64 -mGLOB_diag_file=CMakeFiles/cmTC_7f9bc.dir/CMakeCCompilerABI.c.diag -mGLOB_long_size_64 -mGLOB_routine_pointer_size_64 -mP1OPT_print_version=FALSE -mCG_use_gas_got_workaround=F -mP2OPT_align_option_used=TRUE -mGLOB_gcc_version=480 "-mGLOB_options_string=-v -o cmTC_7f9bc -rdynamic" -mGLOB_cxx_limited_range=FALSE -mCG_extend_parms=FALSE -mGLOB_compiler_bin_directory=/opt/local/intel/ps_xe-2019.4/compilers_and_libraries_2019.4.243/linux/bin/intel64 -mGLOB_as_output_backup_file_name=/tmp/icc0prjTvas_.s -mGLOB_dashboard_use_source_name -mIPOPT_activate -mGLOB_product_id_code=0x22006d93 -mP3OPT_use_mspp_call_convention -mP2OPT_subs_out_of_bound=FALSE -mP2OPT_disam_type_based_disam=2 -mP2OPT_disam_assume_ansi_c -mP2OPT_checked_disam_ansi_alias=TRUE -mGLOB_ansi_alias -mPGOPTI_value_profile_use=T -mGLOB_opt_report_use_source_name -mP2OPT_il0_array_sections=TRUE -mGLOB_offload_mode=1 -mP2OPT_offload_unique_var_string=icc0918861912qL8ckd -mP2OPT_hlo -mP2OPT_hpo_rtt_control=0 -mIPOPT_args_in_regs=0 -mP2OPT_disam_assume_nonstd_intent_in=FALSE -mGLOB_imf_mapping_library=/opt/local/intel/ps_xe-2019.4/compilers_and_libraries_2019.4.243/linux/bin/intel64/libiml_attr.so -mPGOPTI_gen_threadsafe_level=0 -mIPOPT_link -mIPOPT_ipo_activate -mIPOPT_mo_activate -mIPOPT_source_files_list=/tmp/iccslism918gI -mIPOPT_mo_global_data -mIPOPT_link_script_file=/tmp/iccscriptMqQd5B "-mIPOPT_cmdline_link="/usr/lib64/gcc/x86_64-suse-linux/4.8/../../../../lib64/crt1.o" "/usr/lib64/gcc/x86_64-suse-linux/4.8/../../../../lib64/crti.o" "/usr/lib64/gcc/x86_64-suse-linux/4.8/crtbegin.o" "-export-dynamic" "--eh-frame-hdr" "--build-id" "-dynamic-linker" "/lib64/ld-linux-x86-64.so.2" "-m" "elf_x86_64" "-o" "cmTC_7f9bc" "-L/opt/local/intel/ps_xe-2019.4/compilers_and_libraries_2019.4.243/linux/tbb/lib/intel64/gcc4.7" "-L/opt/local/intel/ps_xe-2019.4/compilers_and_libraries_2019.4.243/linux/ipp/lib/intel64" "-L/opt/local/intel/ps_xe-2019.4/compilers_and_libraries_2019.4.243/linux/mkl/lib/intel64" "-L/opt/local/intel/ps_xe-2019.4/compilers_and_libraries_2019.4.243/linux/compiler/lib/intel64_lin" "-L/opt/local/intel/ps_xe-2019.4/compilers_and_libraries_2019.4.243/linux/compiler/lib/intel64" "-L/opt/local/intel/ps_xe-2019.4/compilers_and_libraries_2019.4.243/linux/compiler/lib/intel64_lin" "-L/usr/lib64/gcc/x86_64-suse-linux/4.8/" "-L/usr/lib64/gcc/x86_64-suse-linux/4.8/../../../../lib64" "-L/usr/lib64/gcc/x86_64-suse-linux/4.8/../../../../lib64/" "-L/lib/../lib64" "-L/lib/../lib64/" "-L/usr/lib/../lib64" "-L/usr/lib/../lib64/" "-L/opt/local/intel/ps_xe-2019.4/compilers_and_libraries_2019.4.243/linux/tbb/lib/intel64/gcc4.7/" "-L/opt/local/intel/ps_xe-2019.4/compilers_and_libraries_2019.4.243/linux/ipp/lib/intel64/" "-L/opt/local/intel/ps_xe-2019.4/compilers_and_libraries_2019.4.243/linux/mkl/lib/intel64/" "-L/opt/local/intel/ps_xe-2019.4/compilers_and_libraries_2019.4.243/linux/compiler/lib/intel64_lin/" "-L/opt/local/intel/ps_xe-2019.4/compilers_and_libraries_2019.4.243/linux/compiler/lib/intel64/" "-L/usr/lib64/gcc/x86_64-suse-linux/4.8/../../../../x86_64-suse-linux/lib/" "-L/usr/lib64/gcc/x86_64-suse-linux/4.8/../../../" "-L/lib64" "-L/lib/" "-L/usr/lib64" "-L/usr/lib" "CMakeFiles/cmTC_7f9bc.dir/CMakeCCompilerABI.c.o" "-Bdynamic" "-Bstatic" "-limf" "-lsvml" "-lirng" "-Bdynamic" "-lm" "-Bstatic" "-lipgo" "-ldecimal" "--as-needed" "-Bdynamic" "-lcilkrts" "-lstdc++" "--no-as-needed" "-lgcc" "-lgcc_s" "-Bstatic" "-lirc" "-lsvml" "-Bdynamic" "-lc" "-lgcc" "-lgcc_s" "-Bstatic" "-lirc_s" "-Bdynamic" "-ldl" "-lc" "/usr/lib64/gcc/x86_64-suse-linux/4.8/crtend.o" "/usr/lib64/gcc/x86_64-suse-linux/4.8/../../../../lib64/crtn.o"" -mIPOPT_il_in_obj -mIPOPT_ipo_activate_warn=FALSE -mIPOPT_obj_output_file_name=/tmp/ipo_iccvCxRqj.o -mIPOPT_whole_archive_fixup_file_name=/tmp/iccwarchwPhoxj -mGLOB_linker_version=2.31.1.20180828 -mGLOB_linker=/usr/lib64/gcc/x86_64-suse-linux/4.8/../../../../x86_64-suse-linux/bin/ld -mGLOB_driver_tempfile_name=/tmp/icctempfilerUGnnd -mP3OPT_asm_target=P3OPT_ASM_TARGET_GAS -mGLOB_async_unwind_tables=TRUE -mGLOB_obj_output_file=/tmp/ipo_iccvCxRqj.o -mGLOB_source_dialect=GLOB_SOURCE_DIALECT_NONE -mP1OPT_source_file_name=ipo_out.c CMakeFiles/cmTC_7f9bc.dir/CMakeCCompilerABI.c.o -mIPOPT_object_files=T -mIPOPT_assembly_files=/tmp/iccalisks4U26 -mIPOPT_generated_tempfiles=/tmp/iccelisyCJXQ0 -mIPOPT_embedded_object_base_name=/tmp/icceobjL900EU -mIPOPT_cmdline_link_new_name=/tmp/iccllisCBJ4sO]
  link line: [/usr/lib64/gcc/x86_64-suse-linux/4.8/../../../../x86_64-suse-linux/bin/ld    /usr/lib64/gcc/x86_64-suse-linux/4.8/../../../../lib64/crt1.o /usr/lib64/gcc/x86_64-suse-linux/4.8/../../../../lib64/crti.o /usr/lib64/gcc/x86_64-suse-linux/4.8/crtbegin.o -export-dynamic --eh-frame-hdr --build-id -dynamic-linker /lib64/ld-linux-x86-64.so.2 -m elf_x86_64 -o cmTC_7f9bc -L/opt/local/intel/ps_xe-2019.4/compilers_and_libraries_2019.4.243/linux/tbb/lib/intel64/gcc4.7 -L/opt/local/intel/ps_xe-2019.4/compilers_and_libraries_2019.4.243/linux/ipp/lib/intel64 -L/opt/local/intel/ps_xe-2019.4/compilers_and_libraries_2019.4.243/linux/mkl/lib/intel64 -L/opt/local/intel/ps_xe-2019.4/compilers_and_libraries_2019.4.243/linux/compiler/lib/intel64_lin -L/opt/local/intel/ps_xe-2019.4/compilers_and_libraries_2019.4.243/linux/compiler/lib/intel64 -L/opt/local/intel/ps_xe-2019.4/compilers_and_libraries_2019.4.243/linux/compiler/lib/intel64_lin -L/usr/lib64/gcc/x86_64-suse-linux/4.8/ -L/usr/lib64/gcc/x86_64-suse-linux/4.8/../../../../lib64 -L/usr/lib64/gcc/x86_64-suse-linux/4.8/../../../../lib64/ -L/lib/../lib64 -L/lib/../lib64/ -L/usr/lib/../lib64 -L/usr/lib/../lib64/ -L/opt/local/intel/ps_xe-2019.4/compilers_and_libraries_2019.4.243/linux/tbb/lib/intel64/gcc4.7/ -L/opt/local/intel/ps_xe-2019.4/compilers_and_libraries_2019.4.243/linux/ipp/lib/intel64/ -L/opt/local/intel/ps_xe-2019.4/compilers_and_libraries_2019.4.243/linux/mkl/lib/intel64/ -L/opt/local/intel/ps_xe-2019.4/compilers_and_libraries_2019.4.243/linux/compiler/lib/intel64_lin/ -L/opt/local/intel/ps_xe-2019.4/compilers_and_libraries_2019.4.243/linux/compiler/lib/intel64/ -L/usr/lib64/gcc/x86_64-suse-linux/4.8/../../../../x86_64-suse-linux/lib/ -L/usr/lib64/gcc/x86_64-suse-linux/4.8/../../../ -L/lib64 -L/lib/ -L/usr/lib64 -L/usr/lib CMakeFiles/cmTC_7f9bc.dir/CMakeCCompilerABI.c.o -Bdynamic -Bstatic -limf -lsvml -lirng -Bdynamic -lm -Bstatic -lipgo -ldecimal --as-needed -Bdynamic -lcilkrts -lstdc++ --no-as-needed -lgcc -lgcc_s -Bstatic -lirc -lsvml -Bdynamic -lc -lgcc -lgcc_s -Bstatic -lirc_s -Bdynamic -ldl -lc /usr/lib64/gcc/x86_64-suse-linux/4.8/crtend.o /usr/lib64/gcc/x86_64-suse-linux/4.8/../../../../lib64/crtn.o]
    arg [/usr/lib64/gcc/x86_64-suse-linux/4.8/../../../../x86_64-suse-linux/bin/ld] ==> ignore
    arg [/usr/lib64/gcc/x86_64-suse-linux/4.8/../../../../lib64/crt1.o] ==> ignore
    arg [/usr/lib64/gcc/x86_64-suse-linux/4.8/../../../../lib64/crti.o] ==> ignore
    arg [/usr/lib64/gcc/x86_64-suse-linux/4.8/crtbegin.o] ==> ignore
    arg [-export-dynamic] ==> ignore
    arg [--eh-frame-hdr] ==> ignore
    arg [--build-id] ==> ignore
    arg [-dynamic-linker] ==> ignore
    arg [/lib64/ld-linux-x86-64.so.2] ==> ignore
    arg [-m] ==> ignore
    arg [elf_x86_64] ==> ignore
    arg [-o] ==> ignore
    arg [cmTC_7f9bc] ==> ignore
    arg [-L/opt/local/intel/ps_xe-2019.4/compilers_and_libraries_2019.4.243/linux/tbb/lib/intel64/gcc4.7] ==> dir [/opt/local/intel/ps_xe-2019.4/compilers_and_libraries_2019.4.243/linux/tbb/lib/intel64/gcc4.7]
    arg [-L/opt/local/intel/ps_xe-2019.4/compilers_and_libraries_2019.4.243/linux/ipp/lib/intel64] ==> dir [/opt/local/intel/ps_xe-2019.4/compilers_and_libraries_2019.4.243/linux/ipp/lib/intel64]
    arg [-L/opt/local/intel/ps_xe-2019.4/compilers_and_libraries_2019.4.243/linux/mkl/lib/intel64] ==> dir [/opt/local/intel/ps_xe-2019.4/compilers_and_libraries_2019.4.243/linux/mkl/lib/intel64]
    arg [-L/opt/local/intel/ps_xe-2019.4/compilers_and_libraries_2019.4.243/linux/compiler/lib/intel64_lin] ==> dir [/opt/local/intel/ps_xe-2019.4/compilers_and_libraries_2019.4.243/linux/compiler/lib/intel64_lin]
    arg [-L/opt/local/intel/ps_xe-2019.4/compilers_and_libraries_2019.4.243/linux/compiler/lib/intel64] ==> dir [/opt/local/intel/ps_xe-2019.4/compilers_and_libraries_2019.4.243/linux/compiler/lib/intel64]
    arg [-L/opt/local/intel/ps_xe-2019.4/compilers_and_libraries_2019.4.243/linux/compiler/lib/intel64_lin] ==> dir [/opt/local/intel/ps_xe-2019.4/compilers_and_libraries_2019.4.243/linux/compiler/lib/intel64_lin]
    arg [-L/usr/lib64/gcc/x86_64-suse-linux/4.8/] ==> dir [/usr/lib64/gcc/x86_64-suse-linux/4.8/]
    arg [-L/usr/lib64/gcc/x86_64-suse-linux/4.8/../../../../lib64] ==> dir [/usr/lib64/gcc/x86_64-suse-linux/4.8/../../../../lib64]
    arg [-L/usr/lib64/gcc/x86_64-suse-linux/4.8/../../../../lib64/] ==> dir [/usr/lib64/gcc/x86_64-suse-linux/4.8/../../../../lib64/]
    arg [-L/lib/../lib64] ==> dir [/lib/../lib64]
    arg [-L/lib/../lib64/] ==> dir [/lib/../lib64/]
    arg [-L/usr/lib/../lib64] ==> dir [/usr/lib/../lib64]
    arg [-L/usr/lib/../lib64/] ==> dir [/usr/lib/../lib64/]
    arg [-L/opt/local/intel/ps_xe-2019.4/compilers_and_libraries_2019.4.243/linux/tbb/lib/intel64/gcc4.7/] ==> dir [/opt/local/intel/ps_xe-2019.4/compilers_and_libraries_2019.4.243/linux/tbb/lib/intel64/gcc4.7/]
    arg [-L/opt/local/intel/ps_xe-2019.4/compilers_and_libraries_2019.4.243/linux/ipp/lib/intel64/] ==> dir [/opt/local/intel/ps_xe-2019.4/compilers_and_libraries_2019.4.243/linux/ipp/lib/intel64/]
    arg [-L/opt/local/intel/ps_xe-2019.4/compilers_and_libraries_2019.4.243/linux/mkl/lib/intel64/] ==> dir [/opt/local/intel/ps_xe-2019.4/compilers_and_libraries_2019.4.243/linux/mkl/lib/intel64/]
    arg [-L/opt/local/intel/ps_xe-2019.4/compilers_and_libraries_2019.4.243/linux/compiler/lib/intel64_lin/] ==> dir [/opt/local/intel/ps_xe-2019.4/compilers_and_libraries_2019.4.243/linux/compiler/lib/intel64_lin/]
    arg [-L/opt/local/intel/ps_xe-2019.4/compilers_and_libraries_2019.4.243/linux/compiler/lib/intel64/] ==> dir [/opt/local/intel/ps_xe-2019.4/compilers_and_libraries_2019.4.243/linux/compiler/lib/intel64/]
    arg [-L/usr/lib64/gcc/x86_64-suse-linux/4.8/../../../../x86_64-suse-linux/lib/] ==> dir [/usr/lib64/gcc/x86_64-suse-linux/4.8/../../../../x86_64-suse-linux/lib/]
    arg [-L/usr/lib64/gcc/x86_64-suse-linux/4.8/../../../] ==> dir [/usr/lib64/gcc/x86_64-suse-linux/4.8/../../../]
    arg [-L/lib64] ==> dir [/lib64]
    arg [-L/lib/] ==> dir [/lib/]
    arg [-L/usr/lib64] ==> dir [/usr/lib64]
    arg [-L/usr/lib] ==> dir [/usr/lib]
    arg [CMakeFiles/cmTC_7f9bc.dir/CMakeCCompilerABI.c.o] ==> ignore
    arg [-Bdynamic] ==> ignore
    arg [-Bstatic] ==> ignore
    arg [-limf] ==> lib [imf]
    arg [-lsvml] ==> lib [svml]
    arg [-lirng] ==> lib [irng]
    arg [-Bdynamic] ==> ignore
    arg [-lm] ==> lib [m]
    arg [-Bstatic] ==> ignore
    arg [-lipgo] ==> lib [ipgo]
    arg [-ldecimal] ==> lib [decimal]
    arg [--as-needed] ==> ignore
    arg [-Bdynamic] ==> ignore
    arg [-lcilkrts] ==> lib [cilkrts]
    arg [-lstdc++] ==> lib [stdc++]
    arg [--no-as-needed] ==> ignore
    arg [-lgcc] ==> lib [gcc]
    arg [-lgcc_s] ==> lib [gcc_s]
    arg [-Bstatic] ==> ignore
    arg [-lirc] ==> lib [irc]
    arg [-lsvml] ==> lib [svml]
    arg [-Bdynamic] ==> ignore
    arg [-lc] ==> lib [c]
    arg [-lgcc] ==> lib [gcc]
    arg [-lgcc_s] ==> lib [gcc_s]
    arg [-Bstatic] ==> ignore
    arg [-lirc_s] ==> lib [irc_s]
    arg [-Bdynamic] ==> ignore
    arg [-ldl] ==> lib [dl]
    arg [-lc] ==> lib [c]
    arg [/usr/lib64/gcc/x86_64-suse-linux/4.8/crtend.o] ==> ignore
    arg [/usr/lib64/gcc/x86_64-suse-linux/4.8/../../../../lib64/crtn.o] ==> ignore
  remove lib [gcc]
  remove lib [gcc_s]
  remove lib [gcc]
  remove lib [gcc_s]
  collapse library dir [/opt/local/intel/ps_xe-2019.4/compilers_and_libraries_2019.4.243/linux/tbb/lib/intel64/gcc4.7] ==> [/opt/local/intel/ps_xe-2019.4/compilers_and_libraries_2019.4.243/linux/tbb/lib/intel64/gcc4.7]
  collapse library dir [/opt/local/intel/ps_xe-2019.4/compilers_and_libraries_2019.4.243/linux/ipp/lib/intel64] ==> [/opt/local/intel/ps_xe-2019.4/compilers_and_libraries_2019.4.243/linux/ipp/lib/intel64]
  collapse library dir [/opt/local/intel/ps_xe-2019.4/compilers_and_libraries_2019.4.243/linux/mkl/lib/intel64] ==> [/opt/local/intel/ps_xe-2019.4/compilers_and_libraries_2019.4.243/linux/mkl/lib/intel64]
  collapse library dir [/opt/local/intel/ps_xe-2019.4/compilers_and_libraries_2019.4.243/linux/compiler/lib/intel64_lin] ==> [/opt/local/intel/ps_xe-2019.4/compilers_and_libraries_2019.4.243/linux/compiler/lib/intel64_lin]
  collapse library dir [/opt/local/intel/ps_xe-2019.4/compilers_and_libraries_2019.4.243/linux/compiler/lib/intel64] ==> [/opt/local/intel/ps_xe-2019.4/compilers_and_libraries_2019.4.243/linux/compiler/lib/intel64]
  collapse library dir [/opt/local/intel/ps_xe-2019.4/compilers_and_libraries_2019.4.243/linux/compiler/lib/intel64_lin] ==> [/opt/local/intel/ps_xe-2019.4/compilers_and_libraries_2019.4.243/linux/compiler/lib/intel64_lin]
  collapse library dir [/usr/lib64/gcc/x86_64-suse-linux/4.8/] ==> [/usr/lib64/gcc/x86_64-suse-linux/4.8]
  collapse library dir [/usr/lib64/gcc/x86_64-suse-linux/4.8/../../../../lib64] ==> [/usr/lib64]
  collapse library dir [/usr/lib64/gcc/x86_64-suse-linux/4.8/../../../../lib64/] ==> [/usr/lib64]
  collapse library dir [/lib/../lib64] ==> [/lib64]
  collapse library dir [/lib/../lib64/] ==> [/lib64]
  collapse library dir [/usr/lib/../lib64] ==> [/usr/lib64]
  collapse library dir [/usr/lib/../lib64/] ==> [/usr/lib64]
  collapse library dir [/opt/local/intel/ps_xe-2019.4/compilers_and_libraries_2019.4.243/linux/tbb/lib/intel64/gcc4.7/] ==> [/opt/local/intel/ps_xe-2019.4/compilers_and_libraries_2019.4.243/linux/tbb/lib/intel64/gcc4.7]
  collapse library dir [/opt/local/intel/ps_xe-2019.4/compilers_and_libraries_2019.4.243/linux/ipp/lib/intel64/] ==> [/opt/local/intel/ps_xe-2019.4/compilers_and_libraries_2019.4.243/linux/ipp/lib/intel64]
  collapse library dir [/opt/local/intel/ps_xe-2019.4/compilers_and_libraries_2019.4.243/linux/mkl/lib/intel64/] ==> [/opt/local/intel/ps_xe-2019.4/compilers_and_libraries_2019.4.243/linux/mkl/lib/intel64]
  collapse library dir [/opt/local/intel/ps_xe-2019.4/compilers_and_libraries_2019.4.243/linux/compiler/lib/intel64_lin/] ==> [/opt/local/intel/ps_xe-2019.4/compilers_and_libraries_2019.4.243/linux/compiler/lib/intel64_lin]
  collapse library dir [/opt/local/intel/ps_xe-2019.4/compilers_and_libraries_2019.4.243/linux/compiler/lib/intel64/] ==> [/opt/local/intel/ps_xe-2019.4/compilers_and_libraries_2019.4.243/linux/compiler/lib/intel64]
  collapse library dir [/usr/lib64/gcc/x86_64-suse-linux/4.8/../../../../x86_64-suse-linux/lib/] ==> [/usr/x86_64-suse-linux/lib]
  collapse library dir [/usr/lib64/gcc/x86_64-suse-linux/4.8/../../../] ==> [/usr/lib64]
  collapse library dir [/lib64] ==> [/lib64]
  collapse library dir [/lib/] ==> [/lib]
  collapse library dir [/usr/lib64] ==> [/usr/lib64]
  collapse library dir [/usr/lib] ==> [/usr/lib]
  implicit libs: [imf;svml;irng;m;ipgo;decimal;cilkrts;stdc++;irc;svml;c;irc_s;dl;c]
  implicit dirs: [/opt/local/intel/ps_xe-2019.4/compilers_and_libraries_2019.4.243/linux/tbb/lib/intel64/gcc4.7;/opt/local/intel/ps_xe-2019.4/compilers_and_libraries_2019.4.243/linux/ipp/lib/intel64;/opt/local/intel/ps_xe-2019.4/compilers_and_libraries_2019.4.243/linux/mkl/lib/intel64;/opt/local/intel/ps_xe-2019.4/compilers_and_libraries_2019.4.243/linux/compiler/lib/intel64_lin;/opt/local/intel/ps_xe-2019.4/compilers_and_libraries_2019.4.243/linux/compiler/lib/intel64;/usr/lib64/gcc/x86_64-suse-linux/4.8;/usr/lib64;/lib64;/usr/x86_64-suse-linux/lib;/lib;/usr/lib]
  implicit fwks: []


Determining if the CXX compiler works passed with the following output:
Change Dir: /home/delangen/magic/build/CMakeFiles/CMakeTmp

Run Build Command:"/usr/bin/gmake" "cmTC_c2a35/fast"
/usr/bin/gmake -f CMakeFiles/cmTC_c2a35.dir/build.make CMakeFiles/cmTC_c2a35.dir/build
gmake[1]: Entering directory '/home/delangen/magic/build/CMakeFiles/CMakeTmp'
Building CXX object CMakeFiles/cmTC_c2a35.dir/testCXXCompiler.cxx.o
/usr/bin/c++      -o CMakeFiles/cmTC_c2a35.dir/testCXXCompiler.cxx.o -c /home/delangen/magic/build/CMakeFiles/CMakeTmp/testCXXCompiler.cxx
Linking CXX executable cmTC_c2a35
/usr/bin/cmake -E cmake_link_script CMakeFiles/cmTC_c2a35.dir/link.txt --verbose=1
/usr/bin/c++        CMakeFiles/cmTC_c2a35.dir/testCXXCompiler.cxx.o  -o cmTC_c2a35 -rdynamic 
gmake[1]: Leaving directory '/home/delangen/magic/build/CMakeFiles/CMakeTmp'


Detecting CXX compiler ABI info compiled with the following output:
Change Dir: /home/delangen/magic/build/CMakeFiles/CMakeTmp

Run Build Command:"/usr/bin/gmake" "cmTC_ccf8b/fast"
/usr/bin/gmake -f CMakeFiles/cmTC_ccf8b.dir/build.make CMakeFiles/cmTC_ccf8b.dir/build
gmake[1]: Entering directory '/home/delangen/magic/build/CMakeFiles/CMakeTmp'
Building CXX object CMakeFiles/cmTC_ccf8b.dir/CMakeCXXCompilerABI.cpp.o
/usr/bin/c++      -o CMakeFiles/cmTC_ccf8b.dir/CMakeCXXCompilerABI.cpp.o -c /usr/share/cmake/Modules/CMakeCXXCompilerABI.cpp
Linking CXX executable cmTC_ccf8b
/usr/bin/cmake -E cmake_link_script CMakeFiles/cmTC_ccf8b.dir/link.txt --verbose=1
/usr/bin/c++       -v CMakeFiles/cmTC_ccf8b.dir/CMakeCXXCompilerABI.cpp.o  -o cmTC_ccf8b -rdynamic  
Using built-in specs.
COLLECT_GCC=/usr/bin/c++
COLLECT_LTO_WRAPPER=/usr/lib64/gcc/x86_64-suse-linux/4.8/lto-wrapper
Target: x86_64-suse-linux
Configured with: ../configure --prefix=/usr --infodir=/usr/share/info --mandir=/usr/share/man --libdir=/usr/lib64 --libexecdir=/usr/lib64 --enable-languages=c,c++,objc,fortran,obj-c++,java,ada --enable-checking=release --with-gxx-include-dir=/usr/include/c++/4.8 --enable-ssp --disable-libssp --disable-plugin --with-bugurl=https://bugs.opensuse.org/ --with-pkgversion='SUSE Linux' --disable-libgcj --disable-libmudflap --with-slibdir=/lib64 --with-system-zlib --enable-__cxa_atexit --enable-libstdcxx-allocator=new --disable-libstdcxx-pch --enable-version-specific-runtime-libs --enable-linker-build-id --enable-linux-futex --program-suffix=-4.8 --without-system-libunwind --with-arch-32=i586 --with-tune=generic --build=x86_64-suse-linux --host=x86_64-suse-linux
Thread model: posix
gcc version 4.8.5 (SUSE Linux) 
COMPILER_PATH=/usr/lib64/gcc/x86_64-suse-linux/4.8/:/usr/lib64/gcc/x86_64-suse-linux/4.8/:/usr/lib64/gcc/x86_64-suse-linux/:/usr/lib64/gcc/x86_64-suse-linux/4.8/:/usr/lib64/gcc/x86_64-suse-linux/:/usr/lib64/gcc/x86_64-suse-linux/4.8/../../../../x86_64-suse-linux/bin/
LIBRARY_PATH=/usr/lib64/gcc/x86_64-suse-linux/4.8/:/usr/lib64/gcc/x86_64-suse-linux/4.8/../../../../lib64/:/lib/../lib64/:/usr/lib/../lib64/:/opt/local/intel/ps_xe-2019.4/compilers_and_libraries_2019.4.243/linux/tbb/lib/intel64/gcc4.7/:/opt/local/intel/ps_xe-2019.4/compilers_and_libraries_2019.4.243/linux/ipp/lib/intel64/:/opt/local/intel/ps_xe-2019.4/compilers_and_libraries_2019.4.243/linux/mkl/lib/intel64/:/opt/local/intel/ps_xe-2019.4/compilers_and_libraries_2019.4.243/linux/compiler/lib/intel64_lin/:/opt/local/intel/ps_xe-2019.4/compilers_and_libraries_2019.4.243/linux/compiler/lib/intel64/:/usr/lib64/gcc/x86_64-suse-linux/4.8/../../../../x86_64-suse-linux/lib/:/usr/lib64/gcc/x86_64-suse-linux/4.8/../../../:/lib/:/usr/lib/
COLLECT_GCC_OPTIONS='-v' '-o' 'cmTC_ccf8b' '-rdynamic' '-shared-libgcc' '-mtune=generic' '-march=x86-64'
 /usr/lib64/gcc/x86_64-suse-linux/4.8/collect2 --build-id --eh-frame-hdr -m elf_x86_64 -export-dynamic -dynamic-linker /lib64/ld-linux-x86-64.so.2 -o cmTC_ccf8b /usr/lib64/gcc/x86_64-suse-linux/4.8/../../../../lib64/crt1.o /usr/lib64/gcc/x86_64-suse-linux/4.8/../../../../lib64/crti.o /usr/lib64/gcc/x86_64-suse-linux/4.8/crtbegin.o -L/usr/lib64/gcc/x86_64-suse-linux/4.8 -L/usr/lib64/gcc/x86_64-suse-linux/4.8/../../../../lib64 -L/lib/../lib64 -L/usr/lib/../lib64 -L/opt/local/intel/ps_xe-2019.4/compilers_and_libraries_2019.4.243/linux/tbb/lib/intel64/gcc4.7 -L/opt/local/intel/ps_xe-2019.4/compilers_and_libraries_2019.4.243/linux/ipp/lib/intel64 -L/opt/local/intel/ps_xe-2019.4/compilers_and_libraries_2019.4.243/linux/mkl/lib/intel64 -L/opt/local/intel/ps_xe-2019.4/compilers_and_libraries_2019.4.243/linux/compiler/lib/intel64_lin -L/opt/local/intel/ps_xe-2019.4/compilers_and_libraries_2019.4.243/linux/compiler/lib/intel64 -L/usr/lib64/gcc/x86_64-suse-linux/4.8/../../../../x86_64-suse-linux/lib -L/usr/lib64/gcc/x86_64-suse-linux/4.8/../../.. CMakeFiles/cmTC_ccf8b.dir/CMakeCXXCompilerABI.cpp.o -lstdc++ -lm -lgcc_s -lgcc -lc -lgcc_s -lgcc /usr/lib64/gcc/x86_64-suse-linux/4.8/crtend.o /usr/lib64/gcc/x86_64-suse-linux/4.8/../../../../lib64/crtn.o
gmake[1]: Leaving directory '/home/delangen/magic/build/CMakeFiles/CMakeTmp'


Parsed CXX implicit link information from above output:
  link line regex: [^( *|.*[/\])(ld|([^/\]+-)?ld|collect2)[^/\]*( |$)]
  ignore line: [Change Dir: /home/delangen/magic/build/CMakeFiles/CMakeTmp]
  ignore line: []
  ignore line: [Run Build Command:"/usr/bin/gmake" "cmTC_ccf8b/fast"]
  ignore line: [/usr/bin/gmake -f CMakeFiles/cmTC_ccf8b.dir/build.make CMakeFiles/cmTC_ccf8b.dir/build]
  ignore line: [gmake[1]: Entering directory '/home/delangen/magic/build/CMakeFiles/CMakeTmp']
  ignore line: [Building CXX object CMakeFiles/cmTC_ccf8b.dir/CMakeCXXCompilerABI.cpp.o]
  ignore line: [/usr/bin/c++      -o CMakeFiles/cmTC_ccf8b.dir/CMakeCXXCompilerABI.cpp.o -c /usr/share/cmake/Modules/CMakeCXXCompilerABI.cpp]
  ignore line: [Linking CXX executable cmTC_ccf8b]
  ignore line: [/usr/bin/cmake -E cmake_link_script CMakeFiles/cmTC_ccf8b.dir/link.txt --verbose=1]
  ignore line: [/usr/bin/c++       -v CMakeFiles/cmTC_ccf8b.dir/CMakeCXXCompilerABI.cpp.o  -o cmTC_ccf8b -rdynamic  ]
  ignore line: [Using built-in specs.]
  ignore line: [COLLECT_GCC=/usr/bin/c++]
  ignore line: [COLLECT_LTO_WRAPPER=/usr/lib64/gcc/x86_64-suse-linux/4.8/lto-wrapper]
  ignore line: [Target: x86_64-suse-linux]
  ignore line: [Configured with: ../configure --prefix=/usr --infodir=/usr/share/info --mandir=/usr/share/man --libdir=/usr/lib64 --libexecdir=/usr/lib64 --enable-languages=c,c++,objc,fortran,obj-c++,java,ada --enable-checking=release --with-gxx-include-dir=/usr/include/c++/4.8 --enable-ssp --disable-libssp --disable-plugin --with-bugurl=https://bugs.opensuse.org/ --with-pkgversion='SUSE Linux' --disable-libgcj --disable-libmudflap --with-slibdir=/lib64 --with-system-zlib --enable-__cxa_atexit --enable-libstdcxx-allocator=new --disable-libstdcxx-pch --enable-version-specific-runtime-libs --enable-linker-build-id --enable-linux-futex --program-suffix=-4.8 --without-system-libunwind --with-arch-32=i586 --with-tune=generic --build=x86_64-suse-linux --host=x86_64-suse-linux]
  ignore line: [Thread model: posix]
  ignore line: [gcc version 4.8.5 (SUSE Linux) ]
  ignore line: [COMPILER_PATH=/usr/lib64/gcc/x86_64-suse-linux/4.8/:/usr/lib64/gcc/x86_64-suse-linux/4.8/:/usr/lib64/gcc/x86_64-suse-linux/:/usr/lib64/gcc/x86_64-suse-linux/4.8/:/usr/lib64/gcc/x86_64-suse-linux/:/usr/lib64/gcc/x86_64-suse-linux/4.8/../../../../x86_64-suse-linux/bin/]
  ignore line: [LIBRARY_PATH=/usr/lib64/gcc/x86_64-suse-linux/4.8/:/usr/lib64/gcc/x86_64-suse-linux/4.8/../../../../lib64/:/lib/../lib64/:/usr/lib/../lib64/:/opt/local/intel/ps_xe-2019.4/compilers_and_libraries_2019.4.243/linux/tbb/lib/intel64/gcc4.7/:/opt/local/intel/ps_xe-2019.4/compilers_and_libraries_2019.4.243/linux/ipp/lib/intel64/:/opt/local/intel/ps_xe-2019.4/compilers_and_libraries_2019.4.243/linux/mkl/lib/intel64/:/opt/local/intel/ps_xe-2019.4/compilers_and_libraries_2019.4.243/linux/compiler/lib/intel64_lin/:/opt/local/intel/ps_xe-2019.4/compilers_and_libraries_2019.4.243/linux/compiler/lib/intel64/:/usr/lib64/gcc/x86_64-suse-linux/4.8/../../../../x86_64-suse-linux/lib/:/usr/lib64/gcc/x86_64-suse-linux/4.8/../../../:/lib/:/usr/lib/]
  ignore line: [COLLECT_GCC_OPTIONS='-v' '-o' 'cmTC_ccf8b' '-rdynamic' '-shared-libgcc' '-mtune=generic' '-march=x86-64']
  link line: [ /usr/lib64/gcc/x86_64-suse-linux/4.8/collect2 --build-id --eh-frame-hdr -m elf_x86_64 -export-dynamic -dynamic-linker /lib64/ld-linux-x86-64.so.2 -o cmTC_ccf8b /usr/lib64/gcc/x86_64-suse-linux/4.8/../../../../lib64/crt1.o /usr/lib64/gcc/x86_64-suse-linux/4.8/../../../../lib64/crti.o /usr/lib64/gcc/x86_64-suse-linux/4.8/crtbegin.o -L/usr/lib64/gcc/x86_64-suse-linux/4.8 -L/usr/lib64/gcc/x86_64-suse-linux/4.8/../../../../lib64 -L/lib/../lib64 -L/usr/lib/../lib64 -L/opt/local/intel/ps_xe-2019.4/compilers_and_libraries_2019.4.243/linux/tbb/lib/intel64/gcc4.7 -L/opt/local/intel/ps_xe-2019.4/compilers_and_libraries_2019.4.243/linux/ipp/lib/intel64 -L/opt/local/intel/ps_xe-2019.4/compilers_and_libraries_2019.4.243/linux/mkl/lib/intel64 -L/opt/local/intel/ps_xe-2019.4/compilers_and_libraries_2019.4.243/linux/compiler/lib/intel64_lin -L/opt/local/intel/ps_xe-2019.4/compilers_and_libraries_2019.4.243/linux/compiler/lib/intel64 -L/usr/lib64/gcc/x86_64-suse-linux/4.8/../../../../x86_64-suse-linux/lib -L/usr/lib64/gcc/x86_64-suse-linux/4.8/../../.. CMakeFiles/cmTC_ccf8b.dir/CMakeCXXCompilerABI.cpp.o -lstdc++ -lm -lgcc_s -lgcc -lc -lgcc_s -lgcc /usr/lib64/gcc/x86_64-suse-linux/4.8/crtend.o /usr/lib64/gcc/x86_64-suse-linux/4.8/../../../../lib64/crtn.o]
    arg [/usr/lib64/gcc/x86_64-suse-linux/4.8/collect2] ==> ignore
    arg [--build-id] ==> ignore
    arg [--eh-frame-hdr] ==> ignore
    arg [-m] ==> ignore
    arg [elf_x86_64] ==> ignore
    arg [-export-dynamic] ==> ignore
    arg [-dynamic-linker] ==> ignore
    arg [/lib64/ld-linux-x86-64.so.2] ==> ignore
    arg [-o] ==> ignore
    arg [cmTC_ccf8b] ==> ignore
    arg [/usr/lib64/gcc/x86_64-suse-linux/4.8/../../../../lib64/crt1.o] ==> ignore
    arg [/usr/lib64/gcc/x86_64-suse-linux/4.8/../../../../lib64/crti.o] ==> ignore
    arg [/usr/lib64/gcc/x86_64-suse-linux/4.8/crtbegin.o] ==> ignore
    arg [-L/usr/lib64/gcc/x86_64-suse-linux/4.8] ==> dir [/usr/lib64/gcc/x86_64-suse-linux/4.8]
    arg [-L/usr/lib64/gcc/x86_64-suse-linux/4.8/../../../../lib64] ==> dir [/usr/lib64/gcc/x86_64-suse-linux/4.8/../../../../lib64]
    arg [-L/lib/../lib64] ==> dir [/lib/../lib64]
    arg [-L/usr/lib/../lib64] ==> dir [/usr/lib/../lib64]
    arg [-L/opt/local/intel/ps_xe-2019.4/compilers_and_libraries_2019.4.243/linux/tbb/lib/intel64/gcc4.7] ==> dir [/opt/local/intel/ps_xe-2019.4/compilers_and_libraries_2019.4.243/linux/tbb/lib/intel64/gcc4.7]
    arg [-L/opt/local/intel/ps_xe-2019.4/compilers_and_libraries_2019.4.243/linux/ipp/lib/intel64] ==> dir [/opt/local/intel/ps_xe-2019.4/compilers_and_libraries_2019.4.243/linux/ipp/lib/intel64]
    arg [-L/opt/local/intel/ps_xe-2019.4/compilers_and_libraries_2019.4.243/linux/mkl/lib/intel64] ==> dir [/opt/local/intel/ps_xe-2019.4/compilers_and_libraries_2019.4.243/linux/mkl/lib/intel64]
    arg [-L/opt/local/intel/ps_xe-2019.4/compilers_and_libraries_2019.4.243/linux/compiler/lib/intel64_lin] ==> dir [/opt/local/intel/ps_xe-2019.4/compilers_and_libraries_2019.4.243/linux/compiler/lib/intel64_lin]
    arg [-L/opt/local/intel/ps_xe-2019.4/compilers_and_libraries_2019.4.243/linux/compiler/lib/intel64] ==> dir [/opt/local/intel/ps_xe-2019.4/compilers_and_libraries_2019.4.243/linux/compiler/lib/intel64]
    arg [-L/usr/lib64/gcc/x86_64-suse-linux/4.8/../../../../x86_64-suse-linux/lib] ==> dir [/usr/lib64/gcc/x86_64-suse-linux/4.8/../../../../x86_64-suse-linux/lib]
    arg [-L/usr/lib64/gcc/x86_64-suse-linux/4.8/../../..] ==> dir [/usr/lib64/gcc/x86_64-suse-linux/4.8/../../..]
    arg [CMakeFiles/cmTC_ccf8b.dir/CMakeCXXCompilerABI.cpp.o] ==> ignore
    arg [-lstdc++] ==> lib [stdc++]
    arg [-lm] ==> lib [m]
    arg [-lgcc_s] ==> lib [gcc_s]
    arg [-lgcc] ==> lib [gcc]
    arg [-lc] ==> lib [c]
    arg [-lgcc_s] ==> lib [gcc_s]
    arg [-lgcc] ==> lib [gcc]
    arg [/usr/lib64/gcc/x86_64-suse-linux/4.8/crtend.o] ==> ignore
    arg [/usr/lib64/gcc/x86_64-suse-linux/4.8/../../../../lib64/crtn.o] ==> ignore
  remove lib [gcc_s]
  remove lib [gcc]
  remove lib [gcc_s]
  remove lib [gcc]
  collapse library dir [/usr/lib64/gcc/x86_64-suse-linux/4.8] ==> [/usr/lib64/gcc/x86_64-suse-linux/4.8]
  collapse library dir [/usr/lib64/gcc/x86_64-suse-linux/4.8/../../../../lib64] ==> [/usr/lib64]
  collapse library dir [/lib/../lib64] ==> [/lib64]
  collapse library dir [/usr/lib/../lib64] ==> [/usr/lib64]
  collapse library dir [/opt/local/intel/ps_xe-2019.4/compilers_and_libraries_2019.4.243/linux/tbb/lib/intel64/gcc4.7] ==> [/opt/local/intel/ps_xe-2019.4/compilers_and_libraries_2019.4.243/linux/tbb/lib/intel64/gcc4.7]
  collapse library dir [/opt/local/intel/ps_xe-2019.4/compilers_and_libraries_2019.4.243/linux/ipp/lib/intel64] ==> [/opt/local/intel/ps_xe-2019.4/compilers_and_libraries_2019.4.243/linux/ipp/lib/intel64]
  collapse library dir [/opt/local/intel/ps_xe-2019.4/compilers_and_libraries_2019.4.243/linux/mkl/lib/intel64] ==> [/opt/local/intel/ps_xe-2019.4/compilers_and_libraries_2019.4.243/linux/mkl/lib/intel64]
  collapse library dir [/opt/local/intel/ps_xe-2019.4/compilers_and_libraries_2019.4.243/linux/compiler/lib/intel64_lin] ==> [/opt/local/intel/ps_xe-2019.4/compilers_and_libraries_2019.4.243/linux/compiler/lib/intel64_lin]
  collapse library dir [/opt/local/intel/ps_xe-2019.4/compilers_and_libraries_2019.4.243/linux/compiler/lib/intel64] ==> [/opt/local/intel/ps_xe-2019.4/compilers_and_libraries_2019.4.243/linux/compiler/lib/intel64]
  collapse library dir [/usr/lib64/gcc/x86_64-suse-linux/4.8/../../../../x86_64-suse-linux/lib] ==> [/usr/x86_64-suse-linux/lib]
  collapse library dir [/usr/lib64/gcc/x86_64-suse-linux/4.8/../../..] ==> [/usr/lib64]
  implicit libs: [stdc++;m;c]
  implicit dirs: [/usr/lib64/gcc/x86_64-suse-linux/4.8;/usr/lib64;/lib64;/opt/local/intel/ps_xe-2019.4/compilers_and_libraries_2019.4.243/linux/tbb/lib/intel64/gcc4.7;/opt/local/intel/ps_xe-2019.4/compilers_and_libraries_2019.4.243/linux/ipp/lib/intel64;/opt/local/intel/ps_xe-2019.4/compilers_and_libraries_2019.4.243/linux/mkl/lib/intel64;/opt/local/intel/ps_xe-2019.4/compilers_and_libraries_2019.4.243/linux/compiler/lib/intel64_lin;/opt/local/intel/ps_xe-2019.4/compilers_and_libraries_2019.4.243/linux/compiler/lib/intel64;/usr/x86_64-suse-linux/lib]
  implicit fwks: []




Detecting CXX [-std=c++1y] compiler features compiled with the following output:
Change Dir: /home/delangen/magic/build/CMakeFiles/CMakeTmp

Run Build Command:"/usr/bin/gmake" "cmTC_410ea/fast"
/usr/bin/gmake -f CMakeFiles/cmTC_410ea.dir/build.make CMakeFiles/cmTC_410ea.dir/build
gmake[1]: Entering directory '/home/delangen/magic/build/CMakeFiles/CMakeTmp'
Building CXX object CMakeFiles/cmTC_410ea.dir/feature_tests.cxx.o
/usr/bin/c++     -std=c++1y -o CMakeFiles/cmTC_410ea.dir/feature_tests.cxx.o -c /home/delangen/magic/build/CMakeFiles/feature_tests.cxx
Linking CXX executable cmTC_410ea
/usr/bin/cmake -E cmake_link_script CMakeFiles/cmTC_410ea.dir/link.txt --verbose=1
/usr/bin/c++        CMakeFiles/cmTC_410ea.dir/feature_tests.cxx.o  -o cmTC_410ea -rdynamic 
gmake[1]: Leaving directory '/home/delangen/magic/build/CMakeFiles/CMakeTmp'


    Feature record: CXX_FEATURE:0cxx_aggregate_default_initializers
    Feature record: CXX_FEATURE:1cxx_alias_templates
    Feature record: CXX_FEATURE:1cxx_alignas
    Feature record: CXX_FEATURE:1cxx_alignof
    Feature record: CXX_FEATURE:1cxx_attributes
    Feature record: CXX_FEATURE:0cxx_attribute_deprecated
    Feature record: CXX_FEATURE:1cxx_auto_type
    Feature record: CXX_FEATURE:0cxx_binary_literals
    Feature record: CXX_FEATURE:1cxx_constexpr
    Feature record: CXX_FEATURE:0cxx_contextual_conversions
    Feature record: CXX_FEATURE:1cxx_decltype
    Feature record: CXX_FEATURE:0cxx_decltype_auto
    Feature record: CXX_FEATURE:1cxx_decltype_incomplete_return_types
    Feature record: CXX_FEATURE:1cxx_default_function_template_args
    Feature record: CXX_FEATURE:1cxx_defaulted_functions
    Feature record: CXX_FEATURE:1cxx_defaulted_move_initializers
    Feature record: CXX_FEATURE:1cxx_delegating_constructors
    Feature record: CXX_FEATURE:1cxx_deleted_functions
    Feature record: CXX_FEATURE:0cxx_digit_separators
    Feature record: CXX_FEATURE:1cxx_enum_forward_declarations
    Feature record: CXX_FEATURE:1cxx_explicit_conversions
    Feature record: CXX_FEATURE:1cxx_extended_friend_declarations
    Feature record: CXX_FEATURE:1cxx_extern_templates
    Feature record: CXX_FEATURE:1cxx_final
    Feature record: CXX_FEATURE:1cxx_func_identifier
    Feature record: CXX_FEATURE:1cxx_generalized_initializers
    Feature record: CXX_FEATURE:0cxx_generic_lambdas
    Feature record: CXX_FEATURE:1cxx_inheriting_constructors
    Feature record: CXX_FEATURE:1cxx_inline_namespaces
    Feature record: CXX_FEATURE:1cxx_lambdas
    Feature record: CXX_FEATURE:0cxx_lambda_init_captures
    Feature record: CXX_FEATURE:1cxx_local_type_template_args
    Feature record: CXX_FEATURE:1cxx_long_long_type
    Feature record: CXX_FEATURE:1cxx_noexcept
    Feature record: CXX_FEATURE:1cxx_nonstatic_member_init
    Feature record: CXX_FEATURE:1cxx_nullptr
    Feature record: CXX_FEATURE:1cxx_override
    Feature record: CXX_FEATURE:1cxx_range_for
    Feature record: CXX_FEATURE:1cxx_raw_string_literals
    Feature record: CXX_FEATURE:1cxx_reference_qualified_functions
    Feature record: CXX_FEATURE:0cxx_relaxed_constexpr
    Feature record: CXX_FEATURE:0cxx_return_type_deduction
    Feature record: CXX_FEATURE:1cxx_right_angle_brackets
    Feature record: CXX_FEATURE:1cxx_rvalue_references
    Feature record: CXX_FEATURE:1cxx_sizeof_member
    Feature record: CXX_FEATURE:1cxx_static_assert
    Feature record: CXX_FEATURE:1cxx_strong_enums
    Feature record: CXX_FEATURE:1cxx_template_template_parameters
    Feature record: CXX_FEATURE:1cxx_thread_local
    Feature record: CXX_FEATURE:1cxx_trailing_return_types
    Feature record: CXX_FEATURE:1cxx_unicode_literals
    Feature record: CXX_FEATURE:1cxx_uniform_initialization
    Feature record: CXX_FEATURE:1cxx_unrestricted_unions
    Feature record: CXX_FEATURE:1cxx_user_literals
    Feature record: CXX_FEATURE:0cxx_variable_templates
    Feature record: CXX_FEATURE:1cxx_variadic_macros
    Feature record: CXX_FEATURE:1cxx_variadic_templates


Detecting CXX [-std=c++11] compiler features compiled with the following output:
Change Dir: /home/delangen/magic/build/CMakeFiles/CMakeTmp

Run Build Command:"/usr/bin/gmake" "cmTC_87d97/fast"
/usr/bin/gmake -f CMakeFiles/cmTC_87d97.dir/build.make CMakeFiles/cmTC_87d97.dir/build
gmake[1]: Entering directory '/home/delangen/magic/build/CMakeFiles/CMakeTmp'
Building CXX object CMakeFiles/cmTC_87d97.dir/feature_tests.cxx.o
/usr/bin/c++     -std=c++11 -o CMakeFiles/cmTC_87d97.dir/feature_tests.cxx.o -c /home/delangen/magic/build/CMakeFiles/feature_tests.cxx
Linking CXX executable cmTC_87d97
/usr/bin/cmake -E cmake_link_script CMakeFiles/cmTC_87d97.dir/link.txt --verbose=1
/usr/bin/c++        CMakeFiles/cmTC_87d97.dir/feature_tests.cxx.o  -o cmTC_87d97 -rdynamic 
gmake[1]: Leaving directory '/home/delangen/magic/build/CMakeFiles/CMakeTmp'


    Feature record: CXX_FEATURE:0cxx_aggregate_default_initializers
    Feature record: CXX_FEATURE:1cxx_alias_templates
    Feature record: CXX_FEATURE:1cxx_alignas
    Feature record: CXX_FEATURE:1cxx_alignof
    Feature record: CXX_FEATURE:1cxx_attributes
    Feature record: CXX_FEATURE:0cxx_attribute_deprecated
    Feature record: CXX_FEATURE:1cxx_auto_type
    Feature record: CXX_FEATURE:0cxx_binary_literals
    Feature record: CXX_FEATURE:1cxx_constexpr
    Feature record: CXX_FEATURE:0cxx_contextual_conversions
    Feature record: CXX_FEATURE:1cxx_decltype
    Feature record: CXX_FEATURE:0cxx_decltype_auto
    Feature record: CXX_FEATURE:1cxx_decltype_incomplete_return_types
    Feature record: CXX_FEATURE:1cxx_default_function_template_args
    Feature record: CXX_FEATURE:1cxx_defaulted_functions
    Feature record: CXX_FEATURE:1cxx_defaulted_move_initializers
    Feature record: CXX_FEATURE:1cxx_delegating_constructors
    Feature record: CXX_FEATURE:1cxx_deleted_functions
    Feature record: CXX_FEATURE:0cxx_digit_separators
    Feature record: CXX_FEATURE:1cxx_enum_forward_declarations
    Feature record: CXX_FEATURE:1cxx_explicit_conversions
    Feature record: CXX_FEATURE:1cxx_extended_friend_declarations
    Feature record: CXX_FEATURE:1cxx_extern_templates
    Feature record: CXX_FEATURE:1cxx_final
    Feature record: CXX_FEATURE:1cxx_func_identifier
    Feature record: CXX_FEATURE:1cxx_generalized_initializers
    Feature record: CXX_FEATURE:0cxx_generic_lambdas
    Feature record: CXX_FEATURE:1cxx_inheriting_constructors
    Feature record: CXX_FEATURE:1cxx_inline_namespaces
    Feature record: CXX_FEATURE:1cxx_lambdas
    Feature record: CXX_FEATURE:0cxx_lambda_init_captures
    Feature record: CXX_FEATURE:1cxx_local_type_template_args
    Feature record: CXX_FEATURE:1cxx_long_long_type
    Feature record: CXX_FEATURE:1cxx_noexcept
    Feature record: CXX_FEATURE:1cxx_nonstatic_member_init
    Feature record: CXX_FEATURE:1cxx_nullptr
    Feature record: CXX_FEATURE:1cxx_override
    Feature record: CXX_FEATURE:1cxx_range_for
    Feature record: CXX_FEATURE:1cxx_raw_string_literals
    Feature record: CXX_FEATURE:1cxx_reference_qualified_functions
    Feature record: CXX_FEATURE:0cxx_relaxed_constexpr
    Feature record: CXX_FEATURE:0cxx_return_type_deduction
    Feature record: CXX_FEATURE:1cxx_right_angle_brackets
    Feature record: CXX_FEATURE:1cxx_rvalue_references
    Feature record: CXX_FEATURE:1cxx_sizeof_member
    Feature record: CXX_FEATURE:1cxx_static_assert
    Feature record: CXX_FEATURE:1cxx_strong_enums
    Feature record: CXX_FEATURE:1cxx_template_template_parameters
    Feature record: CXX_FEATURE:1cxx_thread_local
    Feature record: CXX_FEATURE:1cxx_trailing_return_types
    Feature record: CXX_FEATURE:1cxx_unicode_literals
    Feature record: CXX_FEATURE:1cxx_uniform_initialization
    Feature record: CXX_FEATURE:1cxx_unrestricted_unions
    Feature record: CXX_FEATURE:1cxx_user_literals
    Feature record: CXX_FEATURE:0cxx_variable_templates
    Feature record: CXX_FEATURE:1cxx_variadic_macros
    Feature record: CXX_FEATURE:1cxx_variadic_templates


Detecting CXX [-std=c++98] compiler features compiled with the following output:
Change Dir: /home/delangen/magic/build/CMakeFiles/CMakeTmp

Run Build Command:"/usr/bin/gmake" "cmTC_c9aa6/fast"
/usr/bin/gmake -f CMakeFiles/cmTC_c9aa6.dir/build.make CMakeFiles/cmTC_c9aa6.dir/build
gmake[1]: Entering directory '/home/delangen/magic/build/CMakeFiles/CMakeTmp'
Building CXX object CMakeFiles/cmTC_c9aa6.dir/feature_tests.cxx.o
/usr/bin/c++     -std=c++98 -o CMakeFiles/cmTC_c9aa6.dir/feature_tests.cxx.o -c /home/delangen/magic/build/CMakeFiles/feature_tests.cxx
Linking CXX executable cmTC_c9aa6
/usr/bin/cmake -E cmake_link_script CMakeFiles/cmTC_c9aa6.dir/link.txt --verbose=1
/usr/bin/c++        CMakeFiles/cmTC_c9aa6.dir/feature_tests.cxx.o  -o cmTC_c9aa6 -rdynamic 
gmake[1]: Leaving directory '/home/delangen/magic/build/CMakeFiles/CMakeTmp'


    Feature record: CXX_FEATURE:0cxx_aggregate_default_initializers
    Feature record: CXX_FEATURE:0cxx_alias_templates
    Feature record: CXX_FEATURE:0cxx_alignas
    Feature record: CXX_FEATURE:0cxx_alignof
    Feature record: CXX_FEATURE:0cxx_attributes
    Feature record: CXX_FEATURE:0cxx_attribute_deprecated
    Feature record: CXX_FEATURE:0cxx_auto_type
    Feature record: CXX_FEATURE:0cxx_binary_literals
    Feature record: CXX_FEATURE:0cxx_constexpr
    Feature record: CXX_FEATURE:0cxx_contextual_conversions
    Feature record: CXX_FEATURE:0cxx_decltype
    Feature record: CXX_FEATURE:0cxx_decltype_auto
    Feature record: CXX_FEATURE:0cxx_decltype_incomplete_return_types
    Feature record: CXX_FEATURE:0cxx_default_function_template_args
    Feature record: CXX_FEATURE:0cxx_defaulted_functions
    Feature record: CXX_FEATURE:0cxx_defaulted_move_initializers
    Feature record: CXX_FEATURE:0cxx_delegating_constructors
    Feature record: CXX_FEATURE:0cxx_deleted_functions
    Feature record: CXX_FEATURE:0cxx_digit_separators
    Feature record: CXX_FEATURE:0cxx_enum_forward_declarations
    Feature record: CXX_FEATURE:0cxx_explicit_conversions
    Feature record: CXX_FEATURE:0cxx_extended_friend_declarations
    Feature record: CXX_FEATURE:0cxx_extern_templates
    Feature record: CXX_FEATURE:0cxx_final
    Feature record: CXX_FEATURE:0cxx_func_identifier
    Feature record: CXX_FEATURE:0cxx_generalized_initializers
    Feature record: CXX_FEATURE:0cxx_generic_lambdas
    Feature record: CXX_FEATURE:0cxx_inheriting_constructors
    Feature record: CXX_FEATURE:0cxx_inline_namespaces
    Feature record: CXX_FEATURE:0cxx_lambdas
    Feature record: CXX_FEATURE:0cxx_lambda_init_captures
    Feature record: CXX_FEATURE:0cxx_local_type_template_args
    Feature record: CXX_FEATURE:0cxx_long_long_type
    Feature record: CXX_FEATURE:0cxx_noexcept
    Feature record: CXX_FEATURE:0cxx_nonstatic_member_init
    Feature record: CXX_FEATURE:0cxx_nullptr
    Feature record: CXX_FEATURE:0cxx_override
    Feature record: CXX_FEATURE:0cxx_range_for
    Feature record: CXX_FEATURE:0cxx_raw_string_literals
    Feature record: CXX_FEATURE:0cxx_reference_qualified_functions
    Feature record: CXX_FEATURE:0cxx_relaxed_constexpr
    Feature record: CXX_FEATURE:0cxx_return_type_deduction
    Feature record: CXX_FEATURE:0cxx_right_angle_brackets
    Feature record: CXX_FEATURE:0cxx_rvalue_references
    Feature record: CXX_FEATURE:0cxx_sizeof_member
    Feature record: CXX_FEATURE:0cxx_static_assert
    Feature record: CXX_FEATURE:0cxx_strong_enums
    Feature record: CXX_FEATURE:1cxx_template_template_parameters
    Feature record: CXX_FEATURE:0cxx_thread_local
    Feature record: CXX_FEATURE:0cxx_trailing_return_types
    Feature record: CXX_FEATURE:0cxx_unicode_literals
    Feature record: CXX_FEATURE:0cxx_uniform_initialization
    Feature record: CXX_FEATURE:0cxx_unrestricted_unions
    Feature record: CXX_FEATURE:0cxx_user_literals
    Feature record: CXX_FEATURE:0cxx_variable_templates
    Feature record: CXX_FEATURE:0cxx_variadic_macros
    Feature record: CXX_FEATURE:0cxx_variadic_templates
Compiling the Fortran compiler identification source file "CMakeFortranCompilerId.F" succeeded.
Compiler: /opt/local/mpi/openmpi/openmpi-2.1.2_intel-2019.4/bin/mpif90 
Build flags: 
Id flags: -v

The output was:
0
ifort version 19.0.4.243
/opt/local/intel/ps_xe-2019.4/compilers_and_libraries_2019.4.243/linux/bin/intel64/fpp    -D__INTEL_COMPILER=1900 -D__INTEL_COMPILER_UPDATE=4 -D__unix__ -D__unix -D__linux__ -D__linux -D__gnu_linux__ -Dunix -Dlinux -D__ELF__ -D__x86_64 -D__x86_64__ -D__amd64 -D__amd64__ -D__INTEL_COMPILER_BUILD_DATE=20190416 -D__INTEL_OFFLOAD -D__i686 -D__i686__ -D__pentiumpro -D__pentiumpro__ -D__tune_i686__ -D__tune_pentiumpro__ -D__pentium4 -D__pentium4__ -D__tune_pentium4__ -D__SSE2__ -D__SSE2_MATH__ -D__SSE__ -D__SSE_MATH__ -D__MMX__ -I. -I/opt/local/mpi/openmpi/openmpi-2.1.2_intel-2019.4/include -I/opt/local/mpi/openmpi/openmpi-2.1.2_intel-2019.4/lib -I/opt/local/intel/ps_xe-2019.4/compilers_and_libraries_2019.4.243/linux/tbb/include -I/opt/local/intel/ps_xe-2019.4/compilers_and_libraries_2019.4.243/linux/ipp/include -I/opt/local/intel/ps_xe-2019.4/compilers_and_libraries_2019.4.243/linux/mkl/include -I/opt/local/intel/ps_xe-2019.4/compilers_and_libraries_2019.4.243/linux/compiler/include/intel64 -I/opt/local/intel/ps_xe-2019.4/compilers_and_libraries_2019.4.243/linux/compiler/include/icc -I/opt/local/intel/ps_xe-2019.4/compilers_and_libraries_2019.4.243/linux/compiler/include -I/usr/local/include -I/usr/lib64/gcc/x86_64-suse-linux/4.8/include -I/usr/lib64/gcc/x86_64-suse-linux/4.8/include-fixed -I/usr/include/ -I/usr/include -fixed -4Ycpp -4Ncvf -f_com=yes -MX CMakeFortranCompilerId.F /tmp/ifortxeU3Rs.i
#include "..." search starts here:
#include <...> search starts here:
 .
 /opt/local/mpi/openmpi/openmpi-2.1.2_intel-2019.4/include
 /opt/local/mpi/openmpi/openmpi-2.1.2_intel-2019.4/lib
 /opt/local/intel/ps_xe-2019.4/compilers_and_libraries_2019.4.243/linux/tbb/include
 /opt/local/intel/ps_xe-2019.4/compilers_and_libraries_2019.4.243/linux/ipp/include
 /opt/local/intel/ps_xe-2019.4/compilers_and_libraries_2019.4.243/linux/mkl/include
 /opt/local/intel/ps_xe-2019.4/compilers_and_libraries_2019.4.243/linux/compiler/include/intel64
 /opt/local/intel/ps_xe-2019.4/compilers_and_libraries_2019.4.243/linux/compiler/include/icc
 /opt/local/intel/ps_xe-2019.4/compilers_and_libraries_2019.4.243/linux/compiler/include
 /usr/local/include
 /usr/lib64/gcc/x86_64-suse-linux/4.8/include
 /usr/lib64/gcc/x86_64-suse-linux/4.8/include-fixed
 /usr/include/
 /usr/include
End of search list.
/opt/local/intel/ps_xe-2019.4/compilers_and_libraries_2019.4.243/linux/bin/intel64/fortcom    -D__INTEL_COMPILER=1900 -D__INTEL_COMPILER_UPDATE=4 -D__unix__ -D__unix -D__linux__ -D__linux -D__gnu_linux__ -Dunix -Dlinux -D__ELF__ -D__x86_64 -D__x86_64__ -D__amd64 -D__amd64__ -D__INTEL_COMPILER_BUILD_DATE=20190416 -D__INTEL_OFFLOAD -D__i686 -D__i686__ -D__pentiumpro -D__pentiumpro__ -D__tune_i686__ -D__tune_pentiumpro__ -D__pentium4 -D__pentium4__ -D__tune_pentium4__ -D__SSE2__ -D__SSE2_MATH__ -D__SSE__ -D__SSE_MATH__ -D__MMX__ -mGLOB_pack_sort_init_list -I. -I/opt/local/mpi/openmpi/openmpi-2.1.2_intel-2019.4/include -I/opt/local/mpi/openmpi/openmpi-2.1.2_intel-2019.4/lib -I/opt/local/intel/ps_xe-2019.4/compilers_and_libraries_2019.4.243/linux/tbb/include -I/opt/local/intel/ps_xe-2019.4/compilers_and_libraries_2019.4.243/linux/ipp/include -I/opt/local/intel/ps_xe-2019.4/compilers_and_libraries_2019.4.243/linux/mkl/include -I/opt/local/intel/ps_xe-2019.4/compilers_and_libraries_2019.4.243/linux/compiler/include/intel64 -I/opt/local/intel/ps_xe-2019.4/compilers_and_libraries_2019.4.243/linux/compiler/include/icc -I/opt/local/intel/ps_xe-2019.4/compilers_and_libraries_2019.4.243/linux/compiler/include -I/usr/local/include -I/usr/lib64/gcc/x86_64-suse-linux/4.8/include -I/usr/lib64/gcc/x86_64-suse-linux/4.8/include-fixed -I/usr/include/ -I/usr/include -omp_simd -O2 "-reentrancy threaded" -simd -offload_host -mGLOB_em64t=TRUE -mP1OPT_version=19.0-intel64 -mGLOB_diag_file=/tmp/ifortHNaWgm.diag -mGLOB_long_size_64 -mGLOB_routine_pointer_size_64 -mGLOB_source_language=GLOB_SOURCE_LANGUAGE_F90 -mP2OPT_static_promotion -mP1OPT_print_version=FALSE -mCG_use_gas_got_workaround=F -mP2OPT_align_option_used=TRUE -mGLOB_gcc_version=480 "-mGLOB_options_string=-I/opt/local/mpi/openmpi/openmpi-2.1.2_intel-2019.4/include -I/opt/local/mpi/openmpi/openmpi-2.1.2_intel-2019.4/lib -v -Wl,-rpath -Wl,/opt/local/mpi/openmpi/openmpi-2.1.2_intel-2019.4/lib -Wl,--enable-new-dtags -L/opt/local/mpi/openmpi/openmpi-2.1.2_intel-2019.4/lib -lmpi_usempif08 -lmpi_usempi_ignore_tkr -lmpi_mpifh -lmpi" -mGLOB_cxx_limited_range=FALSE -mCG_extend_parms=FALSE -mGLOB_compiler_bin_directory=/opt/local/intel/ps_xe-2019.4/compilers_and_libraries_2019.4.243/linux/bin/intel64 -mGLOB_as_output_backup_file_name=/tmp/ifortPoa48Fas_.s -mGLOB_dashboard_use_source_name -mIPOPT_activate -mIPOPT_lite -mGLOB_uarch_tuning=0x0 -mGLOB_product_id_code=0x22006d91 -mCG_bnl_movbe=T -mGLOB_extended_instructions=0x8 -mP3OPT_use_mspp_call_convention -mP2OPT_subs_out_of_bound=FALSE -mP2OPT_disam_type_based_disam=2 -mGLOB_ansi_alias -mPGOPTI_value_profile_use=T -mGLOB_opt_report_use_source_name -mGLOB_offload_mode=1 -mP2OPT_offload_unique_var_string=ifort0967202112yPkGZV -mP2OPT_hlo_level=2 -mP2OPT_hlo -mP2OPT_hpo_rtt_control=0 -mIPOPT_args_in_regs=0 -mP2OPT_disam_assume_nonstd_intent_in=FALSE -mGLOB_imf_mapping_library=/opt/local/intel/ps_xe-2019.4/compilers_and_libraries_2019.4.243/linux/bin/intel64/libiml_attr.so -mIPOPT_single_file_compile_and_link=TRUE -mPGOPTI_gen_threadsafe_level=0 -mIPOPT_lto_object_enabled -mIPOPT_lto_object_value=1 -mIPOPT_obj_output_file_name=/tmp/ifortHNaWgm.o -mIPOPT_whole_archive_fixup_file_name=/tmp/ifortwarch2iLxvT -mGLOB_linker_version=2.31.1.20180828 -mGLOB_linker=/usr/lib64/gcc/x86_64-suse-linux/4.8/../../../../x86_64-suse-linux/bin/ld -mGLOB_driver_tempfile_name=/tmp/iforttempfile4Sdrc0 -mP3OPT_asm_target=P3OPT_ASM_TARGET_GAS -mGLOB_async_unwind_tables=TRUE -mGLOB_obj_output_file=/tmp/ifortHNaWgm.o -mGLOB_source_dialect=GLOB_SOURCE_DIALECT_FORTRAN -mP1OPT_source_file_name=CMakeFortranCompilerId.F -mP1OPT_full_source_file_name=/home/delangen/magic/build/CMakeFiles/3.5.2/CompilerIdFortran/CMakeFortranCompilerId.F -mP2OPT_symtab_type_copy=true /tmp/ifortxeU3Rs.i
#include "..." search starts here:
#include <...> search starts here:
 .
 /opt/local/mpi/openmpi/openmpi-2.1.2_intel-2019.4/include
 /opt/local/mpi/openmpi/openmpi-2.1.2_intel-2019.4/lib
 /opt/local/intel/ps_xe-2019.4/compilers_and_libraries_2019.4.243/linux/tbb/include
 /opt/local/intel/ps_xe-2019.4/compilers_and_libraries_2019.4.243/linux/ipp/include
 /opt/local/intel/ps_xe-2019.4/compilers_and_libraries_2019.4.243/linux/mkl/include
 /opt/local/intel/ps_xe-2019.4/compilers_and_libraries_2019.4.243/linux/compiler/include/intel64
 /opt/local/intel/ps_xe-2019.4/compilers_and_libraries_2019.4.243/linux/compiler/include/icc
 /opt/local/intel/ps_xe-2019.4/compilers_and_libraries_2019.4.243/linux/compiler/include
 /usr/local/include
 /usr/lib64/gcc/x86_64-suse-linux/4.8/include
 /usr/lib64/gcc/x86_64-suse-linux/4.8/include-fixed
 /usr/include/
 /usr/include
End of search list.
/usr/lib64/gcc/x86_64-suse-linux/4.8/../../../../x86_64-suse-linux/bin/ld    /usr/lib64/gcc/x86_64-suse-linux/4.8/../../../../lib64/crt1.o /usr/lib64/gcc/x86_64-suse-linux/4.8/../../../../lib64/crti.o /usr/lib64/gcc/x86_64-suse-linux/4.8/crtbegin.o --eh-frame-hdr --build-id -dynamic-linker /lib64/ld-linux-x86-64.so.2 -m elf_x86_64 -L/opt/local/mpi/openmpi/openmpi-2.1.2_intel-2019.4/lib -o a.out /opt/local/intel/ps_xe-2019.4/compilers_and_libraries_2019.4.243/linux/compiler/lib/intel64_lin/for_main.o -L/opt/local/intel/ps_xe-2019.4/compilers_and_libraries_2019.4.243/linux/tbb/lib/intel64/gcc4.7 -L/opt/local/intel/ps_xe-2019.4/compilers_and_libraries_2019.4.243/linux/ipp/lib/intel64 -L/opt/local/intel/ps_xe-2019.4/compilers_and_libraries_2019.4.243/linux/mkl/lib/intel64 -L/opt/local/intel/ps_xe-2019.4/compilers_and_libraries_2019.4.243/linux/compiler/lib/intel64_lin -L/opt/local/intel/ps_xe-2019.4/compilers_and_libraries_2019.4.243/linux/compiler/lib/intel64 -L/opt/local/intel/ps_xe-2019.4/compilers_and_libraries_2019.4.243/linux/compiler/lib/intel64_lin -L/usr/lib64/gcc/x86_64-suse-linux/4.8/ -L/usr/lib64/gcc/x86_64-suse-linux/4.8/../../../../lib64 -L/usr/lib64/gcc/x86_64-suse-linux/4.8/../../../../lib64/ -L/lib/../lib64 -L/lib/../lib64/ -L/usr/lib/../lib64 -L/usr/lib/../lib64/ -L/opt/local/intel/ps_xe-2019.4/compilers_and_libraries_2019.4.243/linux/tbb/lib/intel64/gcc4.7/ -L/opt/local/intel/ps_xe-2019.4/compilers_and_libraries_2019.4.243/linux/ipp/lib/intel64/ -L/opt/local/intel/ps_xe-2019.4/compilers_and_libraries_2019.4.243/linux/mkl/lib/intel64/ -L/opt/local/intel/ps_xe-2019.4/compilers_and_libraries_2019.4.243/linux/compiler/lib/intel64_lin/ -L/opt/local/intel/ps_xe-2019.4/compilers_and_libraries_2019.4.243/linux/compiler/lib/intel64/ -L/usr/lib64/gcc/x86_64-suse-linux/4.8/../../../../x86_64-suse-linux/lib/ -L/usr/lib64/gcc/x86_64-suse-linux/4.8/../../../ -L/lib64 -L/lib/ -L/usr/lib64 -L/usr/lib /tmp/ifortHNaWgm.o -rpath /opt/local/mpi/openmpi/openmpi-2.1.2_intel-2019.4/lib --enable-new-dtags -lmpi_usempif08 -lmpi_usempi_ignore_tkr -lmpi_mpifh -lmpi -Bdynamic -Bstatic -lifport -lifcoremt -limf -lsvml -Bdynamic -lm -Bstatic -lipgo -lirc -Bdynamic -lpthread -Bstatic -lsvml -Bdynamic -lc -lgcc -lgcc_s -Bstatic -lirc_s -Bdynamic -ldl -lc /usr/lib64/gcc/x86_64-suse-linux/4.8/crtend.o /usr/lib64/gcc/x86_64-suse-linux/4.8/../../../../lib64/crtn.o


Compilation of the Fortran compiler identification source "CMakeFortranCompilerId.F" produced "a.out"

The Fortran compiler identification is Intel, found in "/home/delangen/magic/build/CMakeFiles/3.5.2/CompilerIdFortran/a.out"

Determining if the Fortran compiler works passed with the following output:
Change Dir: /home/delangen/magic/build/CMakeFiles/CMakeTmp

Run Build Command:"/usr/bin/gmake" "cmTC_86ac0/fast"
/usr/bin/gmake -f CMakeFiles/cmTC_86ac0.dir/build.make CMakeFiles/cmTC_86ac0.dir/build
gmake[1]: Entering directory '/home/delangen/magic/build/CMakeFiles/CMakeTmp'
Building Fortran object CMakeFiles/cmTC_86ac0.dir/testFortranCompiler.f.o
/opt/local/mpi/openmpi/openmpi-2.1.2_intel-2019.4/bin/mpif90     -c /home/delangen/magic/build/CMakeFiles/CMakeTmp/testFortranCompiler.f -o CMakeFiles/cmTC_86ac0.dir/testFortranCompiler.f.o
Linking Fortran executable cmTC_86ac0
/usr/bin/cmake -E cmake_link_script CMakeFiles/cmTC_86ac0.dir/link.txt --verbose=1
/opt/local/mpi/openmpi/openmpi-2.1.2_intel-2019.4/bin/mpif90       CMakeFiles/cmTC_86ac0.dir/testFortranCompiler.f.o  -o cmTC_86ac0  
gmake[1]: Leaving directory '/home/delangen/magic/build/CMakeFiles/CMakeTmp'


Detecting Fortran compiler ABI info compiled with the following output:
Change Dir: /home/delangen/magic/build/CMakeFiles/CMakeTmp

Run Build Command:"/usr/bin/gmake" "cmTC_67f58/fast"
/usr/bin/gmake -f CMakeFiles/cmTC_67f58.dir/build.make CMakeFiles/cmTC_67f58.dir/build
gmake[1]: Entering directory '/home/delangen/magic/build/CMakeFiles/CMakeTmp'
Building Fortran object CMakeFiles/cmTC_67f58.dir/CMakeFortranCompilerABI.F.o
/opt/local/mpi/openmpi/openmpi-2.1.2_intel-2019.4/bin/mpif90     -c /usr/share/cmake/Modules/CMakeFortranCompilerABI.F -o CMakeFiles/cmTC_67f58.dir/CMakeFortranCompilerABI.F.o
Linking Fortran executable cmTC_67f58
/usr/bin/cmake -E cmake_link_script CMakeFiles/cmTC_67f58.dir/link.txt --verbose=1
/opt/local/mpi/openmpi/openmpi-2.1.2_intel-2019.4/bin/mpif90    -v   CMakeFiles/cmTC_67f58.dir/CMakeFortranCompilerABI.F.o  -o cmTC_67f58   
ifort version 19.0.4.243
/opt/local/intel/ps_xe-2019.4/compilers_and_libraries_2019.4.243/linux/bin/intel64/fortcom    -mGLOB_em64t=TRUE -mP1OPT_version=19.0-intel64 -mGLOB_diag_file=CMakeFiles/cmTC_67f58.dir/CMakeFortranCompilerABI.F.diag -mGLOB_long_size_64 -mGLOB_routine_pointer_size_64 -mGLOB_source_language=GLOB_SOURCE_LANGUAGE_F90 -mP2OPT_static_promotion -mP1OPT_print_version=FALSE -mCG_use_gas_got_workaround=F -mP2OPT_align_option_used=TRUE -mGLOB_gcc_version=480 "-mGLOB_options_string=-I/opt/local/mpi/openmpi/openmpi-2.1.2_intel-2019.4/include -I/opt/local/mpi/openmpi/openmpi-2.1.2_intel-2019.4/lib -v -o cmTC_67f58 -Wl,-rpath -Wl,/opt/local/mpi/openmpi/openmpi-2.1.2_intel-2019.4/lib -Wl,--enable-new-dtags -L/opt/local/mpi/openmpi/openmpi-2.1.2_intel-2019.4/lib -lmpi_usempif08 -lmpi_usempi_ignore_tkr -lmpi_mpifh -lmpi" -mGLOB_cxx_limited_range=FALSE -mCG_extend_parms=FALSE -mGLOB_compiler_bin_directory=/opt/local/intel/ps_xe-2019.4/compilers_and_libraries_2019.4.243/linux/bin/intel64 -mGLOB_as_output_backup_file_name=/tmp/ifort9aR1u7as_.s -mGLOB_dashboard_use_source_name -mIPOPT_activate -mGLOB_product_id_code=0x22006d91 -mP3OPT_use_mspp_call_convention -mP2OPT_subs_out_of_bound=FALSE -mP2OPT_disam_type_based_disam=2 -mGLOB_ansi_alias -mPGOPTI_value_profile_use=T -mGLOB_opt_report_use_source_name -mGLOB_offload_mode=1 -mP2OPT_offload_unique_var_string=ifort1123772053oVjiPV -mP2OPT_hlo -mP2OPT_hpo_rtt_control=0 -mIPOPT_args_in_regs=0 -mP2OPT_disam_assume_nonstd_intent_in=FALSE -mGLOB_imf_mapping_library=/opt/local/intel/ps_xe-2019.4/compilers_and_libraries_2019.4.243/linux/bin/intel64/libiml_attr.so -mPGOPTI_gen_threadsafe_level=0 -mIPOPT_link -mIPOPT_ipo_activate -mIPOPT_mo_activate -mIPOPT_source_files_list=/tmp/ifortslisOLShxC -mIPOPT_mo_global_data -mIPOPT_link_script_file=/tmp/ifortscriptdWr90R "-mIPOPT_cmdline_link="/usr/lib64/gcc/x86_64-suse-linux/4.8/../../../../lib64/crt1.o" "/usr/lib64/gcc/x86_64-suse-linux/4.8/../../../../lib64/crti.o" "/usr/lib64/gcc/x86_64-suse-linux/4.8/crtbegin.o" "--eh-frame-hdr" "--build-id" "-dynamic-linker" "/lib64/ld-linux-x86-64.so.2" "-m" "elf_x86_64" "-L/opt/local/mpi/openmpi/openmpi-2.1.2_intel-2019.4/lib" "-o" "cmTC_67f58" "/opt/local/intel/ps_xe-2019.4/compilers_and_libraries_2019.4.243/linux/compiler/lib/intel64_lin/for_main.o" "-L/opt/local/intel/ps_xe-2019.4/compilers_and_libraries_2019.4.243/linux/tbb/lib/intel64/gcc4.7" "-L/opt/local/intel/ps_xe-2019.4/compilers_and_libraries_2019.4.243/linux/ipp/lib/intel64" "-L/opt/local/intel/ps_xe-2019.4/compilers_and_libraries_2019.4.243/linux/mkl/lib/intel64" "-L/opt/local/intel/ps_xe-2019.4/compilers_and_libraries_2019.4.243/linux/compiler/lib/intel64_lin" "-L/opt/local/intel/ps_xe-2019.4/compilers_and_libraries_2019.4.243/linux/compiler/lib/intel64" "-L/opt/local/intel/ps_xe-2019.4/compilers_and_libraries_2019.4.243/linux/compiler/lib/intel64_lin" "-L/usr/lib64/gcc/x86_64-suse-linux/4.8/" "-L/usr/lib64/gcc/x86_64-suse-linux/4.8/../../../../lib64" "-L/usr/lib64/gcc/x86_64-suse-linux/4.8/../../../../lib64/" "-L/lib/../lib64" "-L/lib/../lib64/" "-L/usr/lib/../lib64" "-L/usr/lib/../lib64/" "-L/opt/local/intel/ps_xe-2019.4/compilers_and_libraries_2019.4.243/linux/tbb/lib/intel64/gcc4.7/" "-L/opt/local/intel/ps_xe-2019.4/compilers_and_libraries_2019.4.243/linux/ipp/lib/intel64/" "-L/opt/local/intel/ps_xe-2019.4/compilers_and_libraries_2019.4.243/linux/mkl/lib/intel64/" "-L/opt/local/intel/ps_xe-2019.4/compilers_and_libraries_2019.4.243/linux/compiler/lib/intel64_lin/" "-L/opt/local/intel/ps_xe-2019.4/compilers_and_libraries_2019.4.243/linux/compiler/lib/intel64/" "-L/usr/lib64/gcc/x86_64-suse-linux/4.8/../../../../x86_64-suse-linux/lib/" "-L/usr/lib64/gcc/x86_64-suse-linux/4.8/../../../" "-L/lib64" "-L/lib/" "-L/usr/lib64" "-L/usr/lib" "CMakeFiles/cmTC_67f58.dir/CMakeFortranCompilerABI.F.o" "-rpath" "/opt/local/mpi/openmpi/openmpi-2.1.2_intel-2019.4/lib" "--enable-new-dtags" "-lmpi_usempif08" "-lmpi_usempi_ignore_tkr" "-lmpi_mpifh" "-lmpi" "-Bdynamic" "-Bstatic" "-lifport" "-lifcoremt" "-limf" "-lsvml" "-Bdynamic" "-lm" "-Bstatic" "-lipgo" "-lirc" "-Bdynamic" "-lpthread" "-Bstatic" "-lsvml" "-Bdynamic" "-lc" "-lgcc" "-lgcc_s" "-Bstatic" "-lirc_s" "-Bdynamic" "-ldl" "-lc" "/usr/lib64/gcc/x86_64-suse-linux/4.8/crtend.o" "/usr/lib64/gcc/x86_64-suse-linux/4.8/../../../../lib64/crtn.o"" -mIPOPT_il_in_obj -mIPOPT_ipo_activate_warn=FALSE -mIPOPT_obj_output_file_name=/tmp/ipo_ifort3pjiE7.o -mIPOPT_whole_archive_fixup_file_name=/tmp/ifortwarchIiUGuC -mGLOB_linker_version=2.31.1.20180828 -mGLOB_linker=/usr/lib64/gcc/x86_64-suse-linux/4.8/../../../../x86_64-suse-linux/bin/ld -mGLOB_driver_tempfile_name=/tmp/iforttempfileQHzt0R -mP3OPT_asm_target=P3OPT_ASM_TARGET_GAS -mGLOB_async_unwind_tables=TRUE -mGLOB_obj_output_file=/tmp/ipo_ifort3pjiE7.o -mGLOB_source_dialect=GLOB_SOURCE_DIALECT_NONE -mP1OPT_source_file_name=ipo_out.f -mP2OPT_symtab_type_copy=true CMakeFiles/cmTC_67f58.dir/CMakeFortranCompilerABI.F.o -mIPOPT_object_files=T -mIPOPT_assembly_files=/tmp/ifortalisfPcVBC -mIPOPT_generated_tempfiles=/tmp/ifortelisD9wK5R -mIPOPT_embedded_object_base_name=/tmp/iforteobjqqsAz7 -mIPOPT_cmdline_link_new_name=/tmp/ifortllisu8Tq3m
/usr/lib64/gcc/x86_64-suse-linux/4.8/../../../../x86_64-suse-linux/bin/ld    /usr/lib64/gcc/x86_64-suse-linux/4.8/../../../../lib64/crt1.o /usr/lib64/gcc/x86_64-suse-linux/4.8/../../../../lib64/crti.o /usr/lib64/gcc/x86_64-suse-linux/4.8/crtbegin.o --eh-frame-hdr --build-id -dynamic-linker /lib64/ld-linux-x86-64.so.2 -m elf_x86_64 -L/opt/local/mpi/openmpi/openmpi-2.1.2_intel-2019.4/lib -o cmTC_67f58 /opt/local/intel/ps_xe-2019.4/compilers_and_libraries_2019.4.243/linux/compiler/lib/intel64_lin/for_main.o -L/opt/local/intel/ps_xe-2019.4/compilers_and_libraries_2019.4.243/linux/tbb/lib/intel64/gcc4.7 -L/opt/local/intel/ps_xe-2019.4/compilers_and_libraries_2019.4.243/linux/ipp/lib/intel64 -L/opt/local/intel/ps_xe-2019.4/compilers_and_libraries_2019.4.243/linux/mkl/lib/intel64 -L/opt/local/intel/ps_xe-2019.4/compilers_and_libraries_2019.4.243/linux/compiler/lib/intel64_lin -L/opt/local/intel/ps_xe-2019.4/compilers_and_libraries_2019.4.243/linux/compiler/lib/intel64 -L/opt/local/intel/ps_xe-2019.4/compilers_and_libraries_2019.4.243/linux/compiler/lib/intel64_lin -L/usr/lib64/gcc/x86_64-suse-linux/4.8/ -L/usr/lib64/gcc/x86_64-suse-linux/4.8/../../../../lib64 -L/usr/lib64/gcc/x86_64-suse-linux/4.8/../../../../lib64/ -L/lib/../lib64 -L/lib/../lib64/ -L/usr/lib/../lib64 -L/usr/lib/../lib64/ -L/opt/local/intel/ps_xe-2019.4/compilers_and_libraries_2019.4.243/linux/tbb/lib/intel64/gcc4.7/ -L/opt/local/intel/ps_xe-2019.4/compilers_and_libraries_2019.4.243/linux/ipp/lib/intel64/ -L/opt/local/intel/ps_xe-2019.4/compilers_and_libraries_2019.4.243/linux/mkl/lib/intel64/ -L/opt/local/intel/ps_xe-2019.4/compilers_and_libraries_2019.4.243/linux/compiler/lib/intel64_lin/ -L/opt/local/intel/ps_xe-2019.4/compilers_and_libraries_2019.4.243/linux/compiler/lib/intel64/ -L/usr/lib64/gcc/x86_64-suse-linux/4.8/../../../../x86_64-suse-linux/lib/ -L/usr/lib64/gcc/x86_64-suse-linux/4.8/../../../ -L/lib64 -L/lib/ -L/usr/lib64 -L/usr/lib CMakeFiles/cmTC_67f58.dir/CMakeFortranCompilerABI.F.o -rpath /opt/local/mpi/openmpi/openmpi-2.1.2_intel-2019.4/lib --enable-new-dtags -lmpi_usempif08 -lmpi_usempi_ignore_tkr -lmpi_mpifh -lmpi -Bdynamic -Bstatic -lifport -lifcoremt -limf -lsvml -Bdynamic -lm -Bstatic -lipgo -lirc -Bdynamic -lpthread -Bstatic -lsvml -Bdynamic -lc -lgcc -lgcc_s -Bstatic -lirc_s -Bdynamic -ldl -lc /usr/lib64/gcc/x86_64-suse-linux/4.8/crtend.o /usr/lib64/gcc/x86_64-suse-linux/4.8/../../../../lib64/crtn.o
gmake[1]: Leaving directory '/home/delangen/magic/build/CMakeFiles/CMakeTmp'


Parsed Fortran implicit link information from above output:
  link line regex: [^( *|.*[/\])(ld|([^/\]+-)?ld|collect2)[^/\]*( |$)]
  ignore line: [Change Dir: /home/delangen/magic/build/CMakeFiles/CMakeTmp]
  ignore line: []
  ignore line: [Run Build Command:"/usr/bin/gmake" "cmTC_67f58/fast"]
  ignore line: [/usr/bin/gmake -f CMakeFiles/cmTC_67f58.dir/build.make CMakeFiles/cmTC_67f58.dir/build]
  ignore line: [gmake[1]: Entering directory '/home/delangen/magic/build/CMakeFiles/CMakeTmp']
  ignore line: [Building Fortran object CMakeFiles/cmTC_67f58.dir/CMakeFortranCompilerABI.F.o]
  ignore line: [/opt/local/mpi/openmpi/openmpi-2.1.2_intel-2019.4/bin/mpif90     -c /usr/share/cmake/Modules/CMakeFortranCompilerABI.F -o CMakeFiles/cmTC_67f58.dir/CMakeFortranCompilerABI.F.o]
  ignore line: [Linking Fortran executable cmTC_67f58]
  ignore line: [/usr/bin/cmake -E cmake_link_script CMakeFiles/cmTC_67f58.dir/link.txt --verbose=1]
  ignore line: [/opt/local/mpi/openmpi/openmpi-2.1.2_intel-2019.4/bin/mpif90    -v   CMakeFiles/cmTC_67f58.dir/CMakeFortranCompilerABI.F.o  -o cmTC_67f58   ]
  ignore line: [ifort version 19.0.4.243]
  ignore line: [/opt/local/intel/ps_xe-2019.4/compilers_and_libraries_2019.4.243/linux/bin/intel64/fortcom    -mGLOB_em64t=TRUE -mP1OPT_version=19.0-intel64 -mGLOB_diag_file=CMakeFiles/cmTC_67f58.dir/CMakeFortranCompilerABI.F.diag -mGLOB_long_size_64 -mGLOB_routine_pointer_size_64 -mGLOB_source_language=GLOB_SOURCE_LANGUAGE_F90 -mP2OPT_static_promotion -mP1OPT_print_version=FALSE -mCG_use_gas_got_workaround=F -mP2OPT_align_option_used=TRUE -mGLOB_gcc_version=480 "-mGLOB_options_string=-I/opt/local/mpi/openmpi/openmpi-2.1.2_intel-2019.4/include -I/opt/local/mpi/openmpi/openmpi-2.1.2_intel-2019.4/lib -v -o cmTC_67f58 -Wl,-rpath -Wl,/opt/local/mpi/openmpi/openmpi-2.1.2_intel-2019.4/lib -Wl,--enable-new-dtags -L/opt/local/mpi/openmpi/openmpi-2.1.2_intel-2019.4/lib -lmpi_usempif08 -lmpi_usempi_ignore_tkr -lmpi_mpifh -lmpi" -mGLOB_cxx_limited_range=FALSE -mCG_extend_parms=FALSE -mGLOB_compiler_bin_directory=/opt/local/intel/ps_xe-2019.4/compilers_and_libraries_2019.4.243/linux/bin/intel64 -mGLOB_as_output_backup_file_name=/tmp/ifort9aR1u7as_.s -mGLOB_dashboard_use_source_name -mIPOPT_activate -mGLOB_product_id_code=0x22006d91 -mP3OPT_use_mspp_call_convention -mP2OPT_subs_out_of_bound=FALSE -mP2OPT_disam_type_based_disam=2 -mGLOB_ansi_alias -mPGOPTI_value_profile_use=T -mGLOB_opt_report_use_source_name -mGLOB_offload_mode=1 -mP2OPT_offload_unique_var_string=ifort1123772053oVjiPV -mP2OPT_hlo -mP2OPT_hpo_rtt_control=0 -mIPOPT_args_in_regs=0 -mP2OPT_disam_assume_nonstd_intent_in=FALSE -mGLOB_imf_mapping_library=/opt/local/intel/ps_xe-2019.4/compilers_and_libraries_2019.4.243/linux/bin/intel64/libiml_attr.so -mPGOPTI_gen_threadsafe_level=0 -mIPOPT_link -mIPOPT_ipo_activate -mIPOPT_mo_activate -mIPOPT_source_files_list=/tmp/ifortslisOLShxC -mIPOPT_mo_global_data -mIPOPT_link_script_file=/tmp/ifortscriptdWr90R "-mIPOPT_cmdline_link="/usr/lib64/gcc/x86_64-suse-linux/4.8/../../../../lib64/crt1.o" "/usr/lib64/gcc/x86_64-suse-linux/4.8/../../../../lib64/crti.o" "/usr/lib64/gcc/x86_64-suse-linux/4.8/crtbegin.o" "--eh-frame-hdr" "--build-id" "-dynamic-linker" "/lib64/ld-linux-x86-64.so.2" "-m" "elf_x86_64" "-L/opt/local/mpi/openmpi/openmpi-2.1.2_intel-2019.4/lib" "-o" "cmTC_67f58" "/opt/local/intel/ps_xe-2019.4/compilers_and_libraries_2019.4.243/linux/compiler/lib/intel64_lin/for_main.o" "-L/opt/local/intel/ps_xe-2019.4/compilers_and_libraries_2019.4.243/linux/tbb/lib/intel64/gcc4.7" "-L/opt/local/intel/ps_xe-2019.4/compilers_and_libraries_2019.4.243/linux/ipp/lib/intel64" "-L/opt/local/intel/ps_xe-2019.4/compilers_and_libraries_2019.4.243/linux/mkl/lib/intel64" "-L/opt/local/intel/ps_xe-2019.4/compilers_and_libraries_2019.4.243/linux/compiler/lib/intel64_lin" "-L/opt/local/intel/ps_xe-2019.4/compilers_and_libraries_2019.4.243/linux/compiler/lib/intel64" "-L/opt/local/intel/ps_xe-2019.4/compilers_and_libraries_2019.4.243/linux/compiler/lib/intel64_lin" "-L/usr/lib64/gcc/x86_64-suse-linux/4.8/" "-L/usr/lib64/gcc/x86_64-suse-linux/4.8/../../../../lib64" "-L/usr/lib64/gcc/x86_64-suse-linux/4.8/../../../../lib64/" "-L/lib/../lib64" "-L/lib/../lib64/" "-L/usr/lib/../lib64" "-L/usr/lib/../lib64/" "-L/opt/local/intel/ps_xe-2019.4/compilers_and_libraries_2019.4.243/linux/tbb/lib/intel64/gcc4.7/" "-L/opt/local/intel/ps_xe-2019.4/compilers_and_libraries_2019.4.243/linux/ipp/lib/intel64/" "-L/opt/local/intel/ps_xe-2019.4/compilers_and_libraries_2019.4.243/linux/mkl/lib/intel64/" "-L/opt/local/intel/ps_xe-2019.4/compilers_and_libraries_2019.4.243/linux/compiler/lib/intel64_lin/" "-L/opt/local/intel/ps_xe-2019.4/compilers_and_libraries_2019.4.243/linux/compiler/lib/intel64/" "-L/usr/lib64/gcc/x86_64-suse-linux/4.8/../../../../x86_64-suse-linux/lib/" "-L/usr/lib64/gcc/x86_64-suse-linux/4.8/../../../" "-L/lib64" "-L/lib/" "-L/usr/lib64" "-L/usr/lib" "CMakeFiles/cmTC_67f58.dir/CMakeFortranCompilerABI.F.o" "-rpath" "/opt/local/mpi/openmpi/openmpi-2.1.2_intel-2019.4/lib" "--enable-new-dtags" "-lmpi_usempif08" "-lmpi_usempi_ignore_tkr" "-lmpi_mpifh" "-lmpi" "-Bdynamic" "-Bstatic" "-lifport" "-lifcoremt" "-limf" "-lsvml" "-Bdynamic" "-lm" "-Bstatic" "-lipgo" "-lirc" "-Bdynamic" "-lpthread" "-Bstatic" "-lsvml" "-Bdynamic" "-lc" "-lgcc" "-lgcc_s" "-Bstatic" "-lirc_s" "-Bdynamic" "-ldl" "-lc" "/usr/lib64/gcc/x86_64-suse-linux/4.8/crtend.o" "/usr/lib64/gcc/x86_64-suse-linux/4.8/../../../../lib64/crtn.o"" -mIPOPT_il_in_obj -mIPOPT_ipo_activate_warn=FALSE -mIPOPT_obj_output_file_name=/tmp/ipo_ifort3pjiE7.o -mIPOPT_whole_archive_fixup_file_name=/tmp/ifortwarchIiUGuC -mGLOB_linker_version=2.31.1.20180828 -mGLOB_linker=/usr/lib64/gcc/x86_64-suse-linux/4.8/../../../../x86_64-suse-linux/bin/ld -mGLOB_driver_tempfile_name=/tmp/iforttempfileQHzt0R -mP3OPT_asm_target=P3OPT_ASM_TARGET_GAS -mGLOB_async_unwind_tables=TRUE -mGLOB_obj_output_file=/tmp/ipo_ifort3pjiE7.o -mGLOB_source_dialect=GLOB_SOURCE_DIALECT_NONE -mP1OPT_source_file_name=ipo_out.f -mP2OPT_symtab_type_copy=true CMakeFiles/cmTC_67f58.dir/CMakeFortranCompilerABI.F.o -mIPOPT_object_files=T -mIPOPT_assembly_files=/tmp/ifortalisfPcVBC -mIPOPT_generated_tempfiles=/tmp/ifortelisD9wK5R -mIPOPT_embedded_object_base_name=/tmp/iforteobjqqsAz7 -mIPOPT_cmdline_link_new_name=/tmp/ifortllisu8Tq3m]
  link line: [/usr/lib64/gcc/x86_64-suse-linux/4.8/../../../../x86_64-suse-linux/bin/ld    /usr/lib64/gcc/x86_64-suse-linux/4.8/../../../../lib64/crt1.o /usr/lib64/gcc/x86_64-suse-linux/4.8/../../../../lib64/crti.o /usr/lib64/gcc/x86_64-suse-linux/4.8/crtbegin.o --eh-frame-hdr --build-id -dynamic-linker /lib64/ld-linux-x86-64.so.2 -m elf_x86_64 -L/opt/local/mpi/openmpi/openmpi-2.1.2_intel-2019.4/lib -o cmTC_67f58 /opt/local/intel/ps_xe-2019.4/compilers_and_libraries_2019.4.243/linux/compiler/lib/intel64_lin/for_main.o -L/opt/local/intel/ps_xe-2019.4/compilers_and_libraries_2019.4.243/linux/tbb/lib/intel64/gcc4.7 -L/opt/local/intel/ps_xe-2019.4/compilers_and_libraries_2019.4.243/linux/ipp/lib/intel64 -L/opt/local/intel/ps_xe-2019.4/compilers_and_libraries_2019.4.243/linux/mkl/lib/intel64 -L/opt/local/intel/ps_xe-2019.4/compilers_and_libraries_2019.4.243/linux/compiler/lib/intel64_lin -L/opt/local/intel/ps_xe-2019.4/compilers_and_libraries_2019.4.243/linux/compiler/lib/intel64 -L/opt/local/intel/ps_xe-2019.4/compilers_and_libraries_2019.4.243/linux/compiler/lib/intel64_lin -L/usr/lib64/gcc/x86_64-suse-linux/4.8/ -L/usr/lib64/gcc/x86_64-suse-linux/4.8/../../../../lib64 -L/usr/lib64/gcc/x86_64-suse-linux/4.8/../../../../lib64/ -L/lib/../lib64 -L/lib/../lib64/ -L/usr/lib/../lib64 -L/usr/lib/../lib64/ -L/opt/local/intel/ps_xe-2019.4/compilers_and_libraries_2019.4.243/linux/tbb/lib/intel64/gcc4.7/ -L/opt/local/intel/ps_xe-2019.4/compilers_and_libraries_2019.4.243/linux/ipp/lib/intel64/ -L/opt/local/intel/ps_xe-2019.4/compilers_and_libraries_2019.4.243/linux/mkl/lib/intel64/ -L/opt/local/intel/ps_xe-2019.4/compilers_and_libraries_2019.4.243/linux/compiler/lib/intel64_lin/ -L/opt/local/intel/ps_xe-2019.4/compilers_and_libraries_2019.4.243/linux/compiler/lib/intel64/ -L/usr/lib64/gcc/x86_64-suse-linux/4.8/../../../../x86_64-suse-linux/lib/ -L/usr/lib64/gcc/x86_64-suse-linux/4.8/../../../ -L/lib64 -L/lib/ -L/usr/lib64 -L/usr/lib CMakeFiles/cmTC_67f58.dir/CMakeFortranCompilerABI.F.o -rpath /opt/local/mpi/openmpi/openmpi-2.1.2_intel-2019.4/lib --enable-new-dtags -lmpi_usempif08 -lmpi_usempi_ignore_tkr -lmpi_mpifh -lmpi -Bdynamic -Bstatic -lifport -lifcoremt -limf -lsvml -Bdynamic -lm -Bstatic -lipgo -lirc -Bdynamic -lpthread -Bstatic -lsvml -Bdynamic -lc -lgcc -lgcc_s -Bstatic -lirc_s -Bdynamic -ldl -lc /usr/lib64/gcc/x86_64-suse-linux/4.8/crtend.o /usr/lib64/gcc/x86_64-suse-linux/4.8/../../../../lib64/crtn.o]
    arg [/usr/lib64/gcc/x86_64-suse-linux/4.8/../../../../x86_64-suse-linux/bin/ld] ==> ignore
    arg [/usr/lib64/gcc/x86_64-suse-linux/4.8/../../../../lib64/crt1.o] ==> ignore
    arg [/usr/lib64/gcc/x86_64-suse-linux/4.8/../../../../lib64/crti.o] ==> ignore
    arg [/usr/lib64/gcc/x86_64-suse-linux/4.8/crtbegin.o] ==> ignore
    arg [--eh-frame-hdr] ==> ignore
    arg [--build-id] ==> ignore
    arg [-dynamic-linker] ==> ignore
    arg [/lib64/ld-linux-x86-64.so.2] ==> ignore
    arg [-m] ==> ignore
    arg [elf_x86_64] ==> ignore
    arg [-L/opt/local/mpi/openmpi/openmpi-2.1.2_intel-2019.4/lib] ==> dir [/opt/local/mpi/openmpi/openmpi-2.1.2_intel-2019.4/lib]
    arg [-o] ==> ignore
    arg [cmTC_67f58] ==> ignore
    arg [/opt/local/intel/ps_xe-2019.4/compilers_and_libraries_2019.4.243/linux/compiler/lib/intel64_lin/for_main.o] ==> ignore
    arg [-L/opt/local/intel/ps_xe-2019.4/compilers_and_libraries_2019.4.243/linux/tbb/lib/intel64/gcc4.7] ==> dir [/opt/local/intel/ps_xe-2019.4/compilers_and_libraries_2019.4.243/linux/tbb/lib/intel64/gcc4.7]
    arg [-L/opt/local/intel/ps_xe-2019.4/compilers_and_libraries_2019.4.243/linux/ipp/lib/intel64] ==> dir [/opt/local/intel/ps_xe-2019.4/compilers_and_libraries_2019.4.243/linux/ipp/lib/intel64]
    arg [-L/opt/local/intel/ps_xe-2019.4/compilers_and_libraries_2019.4.243/linux/mkl/lib/intel64] ==> dir [/opt/local/intel/ps_xe-2019.4/compilers_and_libraries_2019.4.243/linux/mkl/lib/intel64]
    arg [-L/opt/local/intel/ps_xe-2019.4/compilers_and_libraries_2019.4.243/linux/compiler/lib/intel64_lin] ==> dir [/opt/local/intel/ps_xe-2019.4/compilers_and_libraries_2019.4.243/linux/compiler/lib/intel64_lin]
    arg [-L/opt/local/intel/ps_xe-2019.4/compilers_and_libraries_2019.4.243/linux/compiler/lib/intel64] ==> dir [/opt/local/intel/ps_xe-2019.4/compilers_and_libraries_2019.4.243/linux/compiler/lib/intel64]
    arg [-L/opt/local/intel/ps_xe-2019.4/compilers_and_libraries_2019.4.243/linux/compiler/lib/intel64_lin] ==> dir [/opt/local/intel/ps_xe-2019.4/compilers_and_libraries_2019.4.243/linux/compiler/lib/intel64_lin]
    arg [-L/usr/lib64/gcc/x86_64-suse-linux/4.8/] ==> dir [/usr/lib64/gcc/x86_64-suse-linux/4.8/]
    arg [-L/usr/lib64/gcc/x86_64-suse-linux/4.8/../../../../lib64] ==> dir [/usr/lib64/gcc/x86_64-suse-linux/4.8/../../../../lib64]
    arg [-L/usr/lib64/gcc/x86_64-suse-linux/4.8/../../../../lib64/] ==> dir [/usr/lib64/gcc/x86_64-suse-linux/4.8/../../../../lib64/]
    arg [-L/lib/../lib64] ==> dir [/lib/../lib64]
    arg [-L/lib/../lib64/] ==> dir [/lib/../lib64/]
    arg [-L/usr/lib/../lib64] ==> dir [/usr/lib/../lib64]
    arg [-L/usr/lib/../lib64/] ==> dir [/usr/lib/../lib64/]
    arg [-L/opt/local/intel/ps_xe-2019.4/compilers_and_libraries_2019.4.243/linux/tbb/lib/intel64/gcc4.7/] ==> dir [/opt/local/intel/ps_xe-2019.4/compilers_and_libraries_2019.4.243/linux/tbb/lib/intel64/gcc4.7/]
    arg [-L/opt/local/intel/ps_xe-2019.4/compilers_and_libraries_2019.4.243/linux/ipp/lib/intel64/] ==> dir [/opt/local/intel/ps_xe-2019.4/compilers_and_libraries_2019.4.243/linux/ipp/lib/intel64/]
    arg [-L/opt/local/intel/ps_xe-2019.4/compilers_and_libraries_2019.4.243/linux/mkl/lib/intel64/] ==> dir [/opt/local/intel/ps_xe-2019.4/compilers_and_libraries_2019.4.243/linux/mkl/lib/intel64/]
    arg [-L/opt/local/intel/ps_xe-2019.4/compilers_and_libraries_2019.4.243/linux/compiler/lib/intel64_lin/] ==> dir [/opt/local/intel/ps_xe-2019.4/compilers_and_libraries_2019.4.243/linux/compiler/lib/intel64_lin/]
    arg [-L/opt/local/intel/ps_xe-2019.4/compilers_and_libraries_2019.4.243/linux/compiler/lib/intel64/] ==> dir [/opt/local/intel/ps_xe-2019.4/compilers_and_libraries_2019.4.243/linux/compiler/lib/intel64/]
    arg [-L/usr/lib64/gcc/x86_64-suse-linux/4.8/../../../../x86_64-suse-linux/lib/] ==> dir [/usr/lib64/gcc/x86_64-suse-linux/4.8/../../../../x86_64-suse-linux/lib/]
    arg [-L/usr/lib64/gcc/x86_64-suse-linux/4.8/../../../] ==> dir [/usr/lib64/gcc/x86_64-suse-linux/4.8/../../../]
    arg [-L/lib64] ==> dir [/lib64]
    arg [-L/lib/] ==> dir [/lib/]
    arg [-L/usr/lib64] ==> dir [/usr/lib64]
    arg [-L/usr/lib] ==> dir [/usr/lib]
    arg [CMakeFiles/cmTC_67f58.dir/CMakeFortranCompilerABI.F.o] ==> ignore
    arg [-rpath] ==> ignore
    arg [/opt/local/mpi/openmpi/openmpi-2.1.2_intel-2019.4/lib] ==> ignore
    arg [--enable-new-dtags] ==> ignore
    arg [-lmpi_usempif08] ==> lib [mpi_usempif08]
    arg [-lmpi_usempi_ignore_tkr] ==> lib [mpi_usempi_ignore_tkr]
    arg [-lmpi_mpifh] ==> lib [mpi_mpifh]
    arg [-lmpi] ==> lib [mpi]
    arg [-Bdynamic] ==> ignore
    arg [-Bstatic] ==> ignore
    arg [-lifport] ==> lib [ifport]
    arg [-lifcoremt] ==> lib [ifcoremt]
    arg [-limf] ==> lib [imf]
    arg [-lsvml] ==> lib [svml]
    arg [-Bdynamic] ==> ignore
    arg [-lm] ==> lib [m]
    arg [-Bstatic] ==> ignore
    arg [-lipgo] ==> lib [ipgo]
    arg [-lirc] ==> lib [irc]
    arg [-Bdynamic] ==> ignore
    arg [-lpthread] ==> lib [pthread]
    arg [-Bstatic] ==> ignore
    arg [-lsvml] ==> lib [svml]
    arg [-Bdynamic] ==> ignore
    arg [-lc] ==> lib [c]
    arg [-lgcc] ==> lib [gcc]
    arg [-lgcc_s] ==> lib [gcc_s]
    arg [-Bstatic] ==> ignore
    arg [-lirc_s] ==> lib [irc_s]
    arg [-Bdynamic] ==> ignore
    arg [-ldl] ==> lib [dl]
    arg [-lc] ==> lib [c]
    arg [/usr/lib64/gcc/x86_64-suse-linux/4.8/crtend.o] ==> ignore
    arg [/usr/lib64/gcc/x86_64-suse-linux/4.8/../../../../lib64/crtn.o] ==> ignore
  remove lib [gcc]
  remove lib [gcc_s]
  collapse library dir [/opt/local/mpi/openmpi/openmpi-2.1.2_intel-2019.4/lib] ==> [/opt/local/mpi/openmpi/openmpi-2.1.2_intel-2019.4/lib]
  collapse library dir [/opt/local/intel/ps_xe-2019.4/compilers_and_libraries_2019.4.243/linux/tbb/lib/intel64/gcc4.7] ==> [/opt/local/intel/ps_xe-2019.4/compilers_and_libraries_2019.4.243/linux/tbb/lib/intel64/gcc4.7]
  collapse library dir [/opt/local/intel/ps_xe-2019.4/compilers_and_libraries_2019.4.243/linux/ipp/lib/intel64] ==> [/opt/local/intel/ps_xe-2019.4/compilers_and_libraries_2019.4.243/linux/ipp/lib/intel64]
  collapse library dir [/opt/local/intel/ps_xe-2019.4/compilers_and_libraries_2019.4.243/linux/mkl/lib/intel64] ==> [/opt/local/intel/ps_xe-2019.4/compilers_and_libraries_2019.4.243/linux/mkl/lib/intel64]
  collapse library dir [/opt/local/intel/ps_xe-2019.4/compilers_and_libraries_2019.4.243/linux/compiler/lib/intel64_lin] ==> [/opt/local/intel/ps_xe-2019.4/compilers_and_libraries_2019.4.243/linux/compiler/lib/intel64_lin]
  collapse library dir [/opt/local/intel/ps_xe-2019.4/compilers_and_libraries_2019.4.243/linux/compiler/lib/intel64] ==> [/opt/local/intel/ps_xe-2019.4/compilers_and_libraries_2019.4.243/linux/compiler/lib/intel64]
  collapse library dir [/opt/local/intel/ps_xe-2019.4/compilers_and_libraries_2019.4.243/linux/compiler/lib/intel64_lin] ==> [/opt/local/intel/ps_xe-2019.4/compilers_and_libraries_2019.4.243/linux/compiler/lib/intel64_lin]
  collapse library dir [/usr/lib64/gcc/x86_64-suse-linux/4.8/] ==> [/usr/lib64/gcc/x86_64-suse-linux/4.8]
  collapse library dir [/usr/lib64/gcc/x86_64-suse-linux/4.8/../../../../lib64] ==> [/usr/lib64]
  collapse library dir [/usr/lib64/gcc/x86_64-suse-linux/4.8/../../../../lib64/] ==> [/usr/lib64]
  collapse library dir [/lib/../lib64] ==> [/lib64]
  collapse library dir [/lib/../lib64/] ==> [/lib64]
  collapse library dir [/usr/lib/../lib64] ==> [/usr/lib64]
  collapse library dir [/usr/lib/../lib64/] ==> [/usr/lib64]
  collapse library dir [/opt/local/intel/ps_xe-2019.4/compilers_and_libraries_2019.4.243/linux/tbb/lib/intel64/gcc4.7/] ==> [/opt/local/intel/ps_xe-2019.4/compilers_and_libraries_2019.4.243/linux/tbb/lib/intel64/gcc4.7]
  collapse library dir [/opt/local/intel/ps_xe-2019.4/compilers_and_libraries_2019.4.243/linux/ipp/lib/intel64/] ==> [/opt/local/intel/ps_xe-2019.4/compilers_and_libraries_2019.4.243/linux/ipp/lib/intel64]
  collapse library dir [/opt/local/intel/ps_xe-2019.4/compilers_and_libraries_2019.4.243/linux/mkl/lib/intel64/] ==> [/opt/local/intel/ps_xe-2019.4/compilers_and_libraries_2019.4.243/linux/mkl/lib/intel64]
  collapse library dir [/opt/local/intel/ps_xe-2019.4/compilers_and_libraries_2019.4.243/linux/compiler/lib/intel64_lin/] ==> [/opt/local/intel/ps_xe-2019.4/compilers_and_libraries_2019.4.243/linux/compiler/lib/intel64_lin]
  collapse library dir [/opt/local/intel/ps_xe-2019.4/compilers_and_libraries_2019.4.243/linux/compiler/lib/intel64/] ==> [/opt/local/intel/ps_xe-2019.4/compilers_and_libraries_2019.4.243/linux/compiler/lib/intel64]
  collapse library dir [/usr/lib64/gcc/x86_64-suse-linux/4.8/../../../../x86_64-suse-linux/lib/] ==> [/usr/x86_64-suse-linux/lib]
  collapse library dir [/usr/lib64/gcc/x86_64-suse-linux/4.8/../../../] ==> [/usr/lib64]
  collapse library dir [/lib64] ==> [/lib64]
  collapse library dir [/lib/] ==> [/lib]
  collapse library dir [/usr/lib64] ==> [/usr/lib64]
  collapse library dir [/usr/lib] ==> [/usr/lib]
  implicit libs: [mpi_usempif08;mpi_usempi_ignore_tkr;mpi_mpifh;mpi;ifport;ifcoremt;imf;svml;m;ipgo;irc;pthread;svml;c;irc_s;dl;c]
  implicit dirs: [/opt/local/mpi/openmpi/openmpi-2.1.2_intel-2019.4/lib;/opt/local/intel/ps_xe-2019.4/compilers_and_libraries_2019.4.243/linux/tbb/lib/intel64/gcc4.7;/opt/local/intel/ps_xe-2019.4/compilers_and_libraries_2019.4.243/linux/ipp/lib/intel64;/opt/local/intel/ps_xe-2019.4/compilers_and_libraries_2019.4.243/linux/mkl/lib/intel64;/opt/local/intel/ps_xe-2019.4/compilers_and_libraries_2019.4.243/linux/compiler/lib/intel64_lin;/opt/local/intel/ps_xe-2019.4/compilers_and_libraries_2019.4.243/linux/compiler/lib/intel64;/usr/lib64/gcc/x86_64-suse-linux/4.8;/usr/lib64;/lib64;/usr/x86_64-suse-linux/lib;/lib;/usr/lib]
  implicit fwks: []


Determining if the Fortran compiler supports Fortran 90 passed with the following output:
Change Dir: /home/delangen/magic/build/CMakeFiles/CMakeTmp

Run Build Command:"/usr/bin/gmake" "cmTC_61bb3/fast"
/usr/bin/gmake -f CMakeFiles/cmTC_61bb3.dir/build.make CMakeFiles/cmTC_61bb3.dir/build
gmake[1]: Entering directory '/home/delangen/magic/build/CMakeFiles/CMakeTmp'
Building Fortran object CMakeFiles/cmTC_61bb3.dir/testFortranCompilerF90.f90.o
/opt/local/mpi/openmpi/openmpi-2.1.2_intel-2019.4/bin/mpif90     -c /home/delangen/magic/build/CMakeFiles/CMakeTmp/testFortranCompilerF90.f90 -o CMakeFiles/cmTC_61bb3.dir/testFortranCompilerF90.f90.o
Linking Fortran executable cmTC_61bb3
/usr/bin/cmake -E cmake_link_script CMakeFiles/cmTC_61bb3.dir/link.txt --verbose=1
/opt/local/mpi/openmpi/openmpi-2.1.2_intel-2019.4/bin/mpif90       CMakeFiles/cmTC_61bb3.dir/testFortranCompilerF90.f90.o  -o cmTC_61bb3  
gmake[1]: Leaving directory '/home/delangen/magic/build/CMakeFiles/CMakeTmp'


